This is pdfTeX, Version 3.141592653-2.6-1.40.27 (MiKTeX 25.2 NEXT) (preloaded format=pdflatex 2026.2.21)  22 FEB 2026 12:50
entering extended mode
 restricted \write18 enabled.
 %&-line parsing enabled.
**C:/Users/adamu/WebstormProjects/pj-studies/latex-studia/program_stacjonarne.t
ex

(C:/Users/adamu/WebstormProjects/pj-studies/latex-studia/program_stacjonarne.te
x
LaTeX2e <2025-11-01>
L3 programming layer <2026-01-19>
(C:\Users\adamu\AppData\Local\Programs\MiKTeX\tex/latex/base\article.cls
Document Class: article 2025/01/22 v1.4n Standard LaTeX document class
(C:\Users\adamu\AppData\Local\Programs\MiKTeX\tex/latex/base\size12.clo
File: size12.clo 2025/01/22 v1.4n Standard LaTeX file (size option)
)
\c@part=\count275
\c@section=\count276
\c@subsection=\count277
\c@subsubsection=\count278
\c@paragraph=\count279
\c@subparagraph=\count280
\c@figure=\count281
\c@table=\count282
\abovecaptionskip=\skip49
\belowcaptionskip=\skip50
\bibindent=\dimen148
)
(C:\Users\adamu\AppData\Local\Programs\MiKTeX\tex/latex/base\fontenc.sty
Package: fontenc 2025/07/18 v2.1d Standard LaTeX package
)
(C:\Users\adamu\AppData\Local\Programs\MiKTeX\tex/latex/base\inputenc.sty
Package: inputenc 2024/02/08 v1.3d Input encoding file
\inpenc@prehook=\toks17
\inpenc@posthook=\toks18
)
(C:\Users\adamu\AppData\Local\Programs\MiKTeX\tex/generic/babel\babel.sty
Package: babel 2026/01/26 v26.2 The multilingual framework for LuaLaTeX, pdfLaT
eX and XeLaTeX
\babel@savecnt=\count283
LaTeX Encoding Info:    Redeclaring text command \ij (encoding OT1) on input li
ne 2078.
LaTeX Encoding Info:    Redeclaring text command \IJ (encoding OT1) on input li
ne 2080.
LaTeX Encoding Info:    Redeclaring text command \ij (encoding T1) on input lin
e 2082.
LaTeX Encoding Info:    Redeclaring text command \IJ (encoding T1) on input lin
e 2083.
LaTeX Encoding Info:    Ignoring declaration for text command \ij (encoding ?) 
on input line 2084.
LaTeX Encoding Info:    Ignoring declaration for text command \IJ (encoding ?) 
on input line 2086.
LaTeX Encoding Info:    Ignoring declaration for text command \SS (encoding ?) 
on input line 2111.
\U@D=\dimen149
\l@unhyphenated=\language79

(C:\Users\adamu\AppData\Local\Programs\MiKTeX\tex/generic/babel\txtbabel.def)
\bbl@readstream=\read2
\bbl@dirlevel=\count284
Package babel Info: Configuration files are deprecated, as
(babel)             they can break document portability.
(babel)             Reported on input line 4206.

*************************************
* Local config file bblopts.cfg used
*
(C:\Users\adamu\AppData\Local\Programs\MiKTeX\tex/latex/arabi\bblopts.cfg
File: bblopts.cfg 2005/09/08 v0.1 add Arabic and Farsi to "declared" options of
 babel
)
(C:\Users\adamu\AppData\Local\Programs\MiKTeX\tex/generic/babel/locale/pl\babel
-polish.tex)
Package babel Info: Importing font and identification data for polish
(babel)             from babel-pl.ini. Reported on input line 4330.

(C:\Users\adamu\AppData\Local\Programs\MiKTeX\tex/latex/babel-polish\polish.ldf
Language: polish 2022/03/12 1.3 Babel support for Polish
Package babel Info: Making " an active character on input line 101.
)) (C:\Users\adamu\AppData\Local\Programs\MiKTeX\tex/latex/lm\lmodern.sty
Package: lmodern 2015/05/01 v1.6.1 Latin Modern Fonts
LaTeX Font Info:    Overwriting symbol font `operators' in version `normal'
(Font)                  OT1/cmr/m/n --> OT1/lmr/m/n on input line 22.
LaTeX Font Info:    Overwriting symbol font `letters' in version `normal'
(Font)                  OML/cmm/m/it --> OML/lmm/m/it on input line 23.
LaTeX Font Info:    Overwriting symbol font `symbols' in version `normal'
(Font)                  OMS/cmsy/m/n --> OMS/lmsy/m/n on input line 24.
LaTeX Font Info:    Overwriting symbol font `largesymbols' in version `normal'
(Font)                  OMX/cmex/m/n --> OMX/lmex/m/n on input line 25.
LaTeX Font Info:    Overwriting symbol font `operators' in version `bold'
(Font)                  OT1/cmr/bx/n --> OT1/lmr/bx/n on input line 26.
LaTeX Font Info:    Overwriting symbol font `letters' in version `bold'
(Font)                  OML/cmm/b/it --> OML/lmm/b/it on input line 27.
LaTeX Font Info:    Overwriting symbol font `symbols' in version `bold'
(Font)                  OMS/cmsy/b/n --> OMS/lmsy/b/n on input line 28.
LaTeX Font Info:    Overwriting symbol font `largesymbols' in version `bold'
(Font)                  OMX/cmex/m/n --> OMX/lmex/m/n on input line 29.
LaTeX Font Info:    Overwriting math alphabet `\mathbf' in version `normal'
(Font)                  OT1/cmr/bx/n --> OT1/lmr/bx/n on input line 31.
LaTeX Font Info:    Overwriting math alphabet `\mathsf' in version `normal'
(Font)                  OT1/cmss/m/n --> OT1/lmss/m/n on input line 32.
LaTeX Font Info:    Overwriting math alphabet `\mathit' in version `normal'
(Font)                  OT1/cmr/m/it --> OT1/lmr/m/it on input line 33.
LaTeX Font Info:    Overwriting math alphabet `\mathtt' in version `normal'
(Font)                  OT1/cmtt/m/n --> OT1/lmtt/m/n on input line 34.
LaTeX Font Info:    Overwriting math alphabet `\mathbf' in version `bold'
(Font)                  OT1/cmr/bx/n --> OT1/lmr/bx/n on input line 35.
LaTeX Font Info:    Overwriting math alphabet `\mathsf' in version `bold'
(Font)                  OT1/cmss/bx/n --> OT1/lmss/bx/n on input line 36.
LaTeX Font Info:    Overwriting math alphabet `\mathit' in version `bold'
(Font)                  OT1/cmr/bx/it --> OT1/lmr/bx/it on input line 37.
LaTeX Font Info:    Overwriting math alphabet `\mathtt' in version `bold'
(Font)                  OT1/cmtt/m/n --> OT1/lmtt/m/n on input line 38.
)
(C:\Users\adamu\AppData\Local\Programs\MiKTeX\tex/latex/psnfss\helvet.sty
Package: helvet 2020/03/25 PSNFSS-v9.3 (WaS) 

(C:\Users\adamu\AppData\Local\Programs\MiKTeX\tex/latex/graphics\keyval.sty
Package: keyval 2022/05/29 v1.15 key=value parser (DPC)
\KV@toks@=\toks19
))
(C:\Users\adamu\AppData\Local\Programs\MiKTeX\tex/latex/microtype\microtype.sty
Package: microtype 2025/07/09 v3.2b Micro-typographical refinements (RS)
(C:\Users\adamu\AppData\Local\Programs\MiKTeX\tex/latex/etoolbox\etoolbox.sty
Package: etoolbox 2025/10/02 v2.5m e-TeX tools for LaTeX (JAW)
\etb@tempcnta=\count285
)
\MT@toks=\toks20
\MT@tempbox=\box53
\MT@count=\count286
LaTeX Info: Redefining \noprotrusionifhmode on input line 1087.
LaTeX Info: Redefining \leftprotrusion on input line 1088.
\MT@prot@toks=\toks21
LaTeX Info: Redefining \rightprotrusion on input line 1107.
LaTeX Info: Redefining \textls on input line 1449.
\MT@outer@kern=\dimen150
LaTeX Info: Redefining \microtypecontext on input line 2053.
LaTeX Info: Redefining \textmicrotypecontext on input line 2070.
\MT@listname@count=\count287

(C:\Users\adamu\AppData\Local\Programs\MiKTeX\tex/latex/microtype\microtype-pdf
tex.def
File: microtype-pdftex.def 2025/07/09 v3.2b Definitions specific to pdftex (RS)

LaTeX Info: Redefining \lsstyle on input line 944.
LaTeX Info: Redefining \lslig on input line 944.
\MT@outer@space=\skip51
)
Package microtype Info: Loading configuration file microtype.cfg.

(C:\Users\adamu\AppData\Local\Programs\MiKTeX\tex/latex/microtype\microtype.cfg
File: microtype.cfg 2025/07/09 v3.2b microtype main configuration file (RS)
)
LaTeX Info: Redefining \microtypesetup on input line 3065.
)
(C:\Users\adamu\AppData\Local\Programs\MiKTeX\tex/latex/geometry\geometry.sty
Package: geometry 2020/01/02 v5.9 Page Geometry

(C:\Users\adamu\AppData\Local\Programs\MiKTeX\tex/generic/iftex\ifvtex.sty
Package: ifvtex 2019/10/25 v1.7 ifvtex legacy package. Use iftex instead.

(C:\Users\adamu\AppData\Local\Programs\MiKTeX\tex/generic/iftex\iftex.sty
Package: iftex 2024/12/12 v1.0g TeX engine tests
))
\Gm@cnth=\count288
\Gm@cntv=\count289
\c@Gm@tempcnt=\count290
\Gm@bindingoffset=\dimen151
\Gm@wd@mp=\dimen152
\Gm@odd@mp=\dimen153
\Gm@even@mp=\dimen154
\Gm@layoutwidth=\dimen155
\Gm@layoutheight=\dimen156
\Gm@layouthoffset=\dimen157
\Gm@layoutvoffset=\dimen158
\Gm@dimlist=\toks22

(C:\Users\adamu\AppData\Local\Programs\MiKTeX\tex/latex/geometry\geometry.cfg))
(C:\Users\adamu\AppData\Local\Programs\MiKTeX\tex/latex/xcolor\xcolor.sty
Package: xcolor 2024/09/29 v3.02 LaTeX color extensions (UK)

(C:\Users\adamu\AppData\Local\Programs\MiKTeX\tex/latex/graphics-cfg\color.cfg
File: color.cfg 2016/01/02 v1.6 sample color configuration
)
Package xcolor Info: Driver file: pdftex.def on input line 274.

(C:\Users\adamu\AppData\Local\Programs\MiKTeX\tex/latex/graphics-def\pdftex.def
File: pdftex.def 2025/09/29 v1.2d Graphics/color driver for pdftex
)
(C:\Users\adamu\AppData\Local\Programs\MiKTeX\tex/latex/graphics\mathcolor.ltx)
Package xcolor Info: Model `cmy' substituted by `cmy0' on input line 1349.
Package xcolor Info: Model `hsb' substituted by `rgb' on input line 1353.
Package xcolor Info: Model `RGB' extended on input line 1365.
Package xcolor Info: Model `HTML' substituted by `rgb' on input line 1367.
Package xcolor Info: Model `Hsb' substituted by `hsb' on input line 1368.
Package xcolor Info: Model `tHsb' substituted by `hsb' on input line 1369.
Package xcolor Info: Model `HSB' substituted by `hsb' on input line 1370.
Package xcolor Info: Model `Gray' substituted by `gray' on input line 1371.
Package xcolor Info: Model `wave' substituted by `hsb' on input line 1372.
) (C:\Users\adamu\AppData\Local\Programs\MiKTeX\tex/latex/graphics\graphicx.sty
Package: graphicx 2024/12/31 v1.2e Enhanced LaTeX Graphics (DPC,SPQR)
(C:\Users\adamu\AppData\Local\Programs\MiKTeX\tex/latex/graphics\graphics.sty
Package: graphics 2024/08/06 v1.4g Standard LaTeX Graphics (DPC,SPQR)

(C:\Users\adamu\AppData\Local\Programs\MiKTeX\tex/latex/graphics\trig.sty
Package: trig 2023/12/02 v1.11 sin cos tan (DPC)
)
(C:\Users\adamu\AppData\Local\Programs\MiKTeX\tex/latex/graphics-cfg\graphics.c
fg
File: graphics.cfg 2016/06/04 v1.11 sample graphics configuration
)
Package graphics Info: Driver file: pdftex.def on input line 106.
)
\Gin@req@height=\dimen159
\Gin@req@width=\dimen160
)
(C:\Users\adamu\AppData\Local\Programs\MiKTeX\tex/latex/booktabs\booktabs.sty
Package: booktabs 2020/01/12 v1.61803398 Publication quality tables
\heavyrulewidth=\dimen161
\lightrulewidth=\dimen162
\cmidrulewidth=\dimen163
\belowrulesep=\dimen164
\belowbottomsep=\dimen165
\aboverulesep=\dimen166
\abovetopsep=\dimen167
\cmidrulesep=\dimen168
\cmidrulekern=\dimen169
\defaultaddspace=\dimen170
\@cmidla=\count291
\@cmidlb=\count292
\@aboverulesep=\dimen171
\@belowrulesep=\dimen172
\@thisruleclass=\count293
\@lastruleclass=\count294
\@thisrulewidth=\dimen173
)
(C:\Users\adamu\AppData\Local\Programs\MiKTeX\tex/latex/tools\tabularx.sty
Package: tabularx 2023/12/11 v2.12a `tabularx' package (DPC)

(C:\Users\adamu\AppData\Local\Programs\MiKTeX\tex/latex/tools\array.sty
Package: array 2025/09/25 v2.6n Tabular extension package (FMi)
\col@sep=\dimen174
\ar@mcellbox=\box54
\extrarowheight=\dimen175
\NC@list=\toks23
\extratabsurround=\skip52
\backup@length=\skip53
\ar@cellbox=\box55
)
\TX@col@width=\dimen176
\TX@old@table=\dimen177
\TX@old@col=\dimen178
\TX@target=\dimen179
\TX@delta=\dimen180
\TX@cols=\count295
\TX@ftn=\toks24
)
(C:\Users\adamu\AppData\Local\Programs\MiKTeX\tex/latex/tools\longtable.sty
Package: longtable 2025-10-13 v4.24 Multi-page Table package (DPC)
\LTleft=\skip54
\LTright=\skip55
\LTpre=\skip56
\LTpost=\skip57
\LTchunksize=\count296
\LTcapwidth=\dimen181
\LT@head=\box56
\LT@firsthead=\box57
\LT@foot=\box58
\LT@lastfoot=\box59
\LT@gbox=\box60
\LT@cols=\count297
\LT@rows=\count298
\c@LT@tables=\count299
\c@LT@chunks=\count300
\LT@p@ftn=\toks25
)
(C:\Users\adamu\AppData\Local\Programs\MiKTeX\tex/latex/multirow\multirow.sty
Package: multirow 2024/11/12 v2.9 Span multiple rows of a table
\multirow@colwidth=\skip58
\multirow@cntb=\count301
\multirow@dima=\skip59
\bigstrutjot=\dimen182
)
(C:\Users\adamu\AppData\Local\Programs\MiKTeX\tex/latex/colortbl\colortbl.sty
Package: colortbl 2024/10/29 v1.0k Color table columns (DPC)
\everycr=\toks26
\minrowclearance=\skip60
\rownum=\count302
)
(C:\Users\adamu\AppData\Local\Programs\MiKTeX\tex/latex/enumitem\enumitem.sty
Package: enumitem 2025/02/06 v3.11 Customized lists
\labelindent=\skip61
\enit@outerparindent=\dimen183
\enit@toks=\toks27
\enit@inbox=\box61
\enit@count@id=\count303
\enitdp@description=\count304
)
(C:\Users\adamu\AppData\Local\Programs\MiKTeX\tex/latex/fancyhdr\fancyhdr.sty
Package: fancyhdr 2025/02/07 v5.2 Extensive control of page headers and footers

\f@nch@headwidth=\skip62
\f@nch@offset@elh=\skip63
\f@nch@offset@erh=\skip64
\f@nch@offset@olh=\skip65
\f@nch@offset@orh=\skip66
\f@nch@offset@elf=\skip67
\f@nch@offset@erf=\skip68
\f@nch@offset@olf=\skip69
\f@nch@offset@orf=\skip70
\f@nch@height=\skip71
\f@nch@footalignment=\skip72
\f@nch@widthL=\skip73
\f@nch@widthC=\skip74
\f@nch@widthR=\skip75
\@temptokenb=\toks28
)
(C:\Users\adamu\AppData\Local\Programs\MiKTeX\tex/latex/titlesec\titlesec.sty
Package: titlesec 2025/01/04 v2.17 Sectioning titles
\ttl@box=\box62
\beforetitleunit=\skip76
\aftertitleunit=\skip77
\ttl@plus=\dimen184
\ttl@minus=\dimen185
\ttl@toksa=\toks29
\titlewidth=\dimen186
\titlewidthlast=\dimen187
\titlewidthfirst=\dimen188
)
(C:\Users\adamu\AppData\Local\Programs\MiKTeX\tex/latex/mdframed\mdframed.sty
Package: mdframed 2013/07/01 1.9b: mdframed

(C:\Users\adamu\AppData\Local\Programs\MiKTeX\tex/latex/kvoptions\kvoptions.sty
Package: kvoptions 2022-06-15 v3.15 Key value format for package options (HO)
(C:\Users\adamu\AppData\Local\Programs\MiKTeX\tex/generic/ltxcmds\ltxcmds.sty
Package: ltxcmds 2023-12-04 v1.26 LaTeX kernel commands for general use (HO)
)
(C:\Users\adamu\AppData\Local\Programs\MiKTeX\tex/latex/kvsetkeys\kvsetkeys.sty
Package: kvsetkeys 2022-10-05 v1.19 Key value parser (HO)
))
(C:\Users\adamu\AppData\Local\Programs\MiKTeX\tex/latex/l3packages/xparse\xpars
e.sty
(C:\Users\adamu\AppData\Local\Programs\MiKTeX\tex/latex/l3kernel\expl3.sty
Package: expl3 2026-01-19 L3 programming layer (loader) 

(C:\Users\adamu\AppData\Local\Programs\MiKTeX\tex/latex/l3backend\l3backend-pdf
tex.def
File: l3backend-pdftex.def 2025-10-09 L3 backend support: PDF output (pdfTeX)
\l__color_backend_stack_int=\count305
))
Package: xparse 2025-10-09 L3 Experimental document command parser
)
(C:\Users\adamu\AppData\Local\Programs\MiKTeX\tex/latex/zref\zref-abspage.sty
Package: zref-abspage 2025-06-08 v2.36 Module abspage for zref (HO)

(C:\Users\adamu\AppData\Local\Programs\MiKTeX\tex/latex/zref\zref-base.sty
Package: zref-base 2025-06-08 v2.36 Module base for zref (HO)

(C:\Users\adamu\AppData\Local\Programs\MiKTeX\tex/generic/infwarerr\infwarerr.s
ty
Package: infwarerr 2019/12/03 v1.5 Providing info/warning/error messages (HO)
)
(C:\Users\adamu\AppData\Local\Programs\MiKTeX\tex/generic/kvdefinekeys\kvdefine
keys.sty
Package: kvdefinekeys 2019-12-19 v1.6 Define keys (HO)
)
(C:\Users\adamu\AppData\Local\Programs\MiKTeX\tex/generic/pdftexcmds\pdftexcmds
.sty
Package: pdftexcmds 2020-06-27 v0.33 Utility functions of pdfTeX for LuaTeX (HO
)
Package pdftexcmds Info: \pdf@primitive is available.
Package pdftexcmds Info: \pdf@ifprimitive is available.
Package pdftexcmds Info: \pdfdraftmode found.
)
(C:\Users\adamu\AppData\Local\Programs\MiKTeX\tex/generic/etexcmds\etexcmds.sty
Package: etexcmds 2019/12/15 v1.7 Avoid name clashes with e-TeX commands (HO)
) (C:\Users\adamu\AppData\Local\Programs\MiKTeX\tex/latex/auxhook\auxhook.sty
Package: auxhook 2019-12-17 v1.6 Hooks for auxiliary files (HO)
)
Package zref Info: New property list: main on input line 767.
Package zref Info: New property: default on input line 768.
Package zref Info: New property: page on input line 769.
)
\c@abspage=\count306
Package zref Info: New property: abspage on input line 67.
)
(C:\Users\adamu\AppData\Local\Programs\MiKTeX\tex/latex/needspace\needspace.sty
Package: needspace 2025/03/13 v1.3e reserve vertical space
)
\mdf@templength=\skip78
\c@mdf@globalstyle@cnt=\count307
\mdf@skipabove@length=\skip79
\mdf@skipbelow@length=\skip80
\mdf@leftmargin@length=\skip81
\mdf@rightmargin@length=\skip82
\mdf@innerleftmargin@length=\skip83
\mdf@innerrightmargin@length=\skip84
\mdf@innertopmargin@length=\skip85
\mdf@innerbottommargin@length=\skip86
\mdf@splittopskip@length=\skip87
\mdf@splitbottomskip@length=\skip88
\mdf@outermargin@length=\skip89
\mdf@innermargin@length=\skip90
\mdf@linewidth@length=\skip91
\mdf@innerlinewidth@length=\skip92
\mdf@middlelinewidth@length=\skip93
\mdf@outerlinewidth@length=\skip94
\mdf@roundcorner@length=\skip95
\mdf@footenotedistance@length=\skip96
\mdf@userdefinedwidth@length=\skip97
\mdf@needspace@length=\skip98
\mdf@frametitleaboveskip@length=\skip99
\mdf@frametitlebelowskip@length=\skip100
\mdf@frametitlerulewidth@length=\skip101
\mdf@frametitleleftmargin@length=\skip102
\mdf@frametitlerightmargin@length=\skip103
\mdf@shadowsize@length=\skip104
\mdf@extratopheight@length=\skip105
\mdf@subtitleabovelinewidth@length=\skip106
\mdf@subtitlebelowlinewidth@length=\skip107
\mdf@subtitleaboveskip@length=\skip108
\mdf@subtitlebelowskip@length=\skip109
\mdf@subtitleinneraboveskip@length=\skip110
\mdf@subtitleinnerbelowskip@length=\skip111
\mdf@subsubtitleabovelinewidth@length=\skip112
\mdf@subsubtitlebelowlinewidth@length=\skip113
\mdf@subsubtitleaboveskip@length=\skip114
\mdf@subsubtitlebelowskip@length=\skip115
\mdf@subsubtitleinneraboveskip@length=\skip116
\mdf@subsubtitleinnerbelowskip@length=\skip117

(C:\Users\adamu\AppData\Local\Programs\MiKTeX\tex/latex/mdframed\md-frame-0.mdf
File: md-frame-0.mdf 2013/07/01\ 1.9b: md-frame-0
)
\mdf@frametitlebox=\box63
\mdf@footnotebox=\box64
\mdf@splitbox@one=\box65
\mdf@splitbox@two=\box66
\mdf@splitbox@save=\box67
\mdfsplitboxwidth=\skip118
\mdfsplitboxtotalwidth=\skip119
\mdfsplitboxheight=\skip120
\mdfsplitboxdepth=\skip121
\mdfsplitboxtotalheight=\skip122
\mdfframetitleboxwidth=\skip123
\mdfframetitleboxtotalwidth=\skip124
\mdfframetitleboxheight=\skip125
\mdfframetitleboxdepth=\skip126
\mdfframetitleboxtotalheight=\skip127
\mdffootnoteboxwidth=\skip128
\mdffootnoteboxtotalwidth=\skip129
\mdffootnoteboxheight=\skip130
\mdffootnoteboxdepth=\skip131
\mdffootnoteboxtotalheight=\skip132
\mdftotallinewidth=\skip133
\mdfboundingboxwidth=\skip134
\mdfboundingboxtotalwidth=\skip135
\mdfboundingboxheight=\skip136
\mdfboundingboxdepth=\skip137
\mdfboundingboxtotalheight=\skip138
\mdf@freevspace@length=\skip139
\mdf@horizontalwidthofbox@length=\skip140
\mdf@verticalmarginwhole@length=\skip141
\mdf@horizontalspaceofbox=\skip142
\mdfsubtitleheight=\skip143
\mdfsubsubtitleheight=\skip144
\c@mdfcountframes=\count308

****** mdframed patching \endmdf@trivlist

****** -- success******

\mdf@envdepth=\count309
\c@mdf@env@i=\count310
\c@mdf@env@ii=\count311
\c@mdf@zref@counter=\count312
Package zref Info: New property: mdf@pagevalue on input line 895.
) (C:\Users\adamu\AppData\Local\Programs\MiKTeX\tex/latex/eso-pic\eso-pic.sty
Package: eso-pic 2025/12/10 v3.0d eso-pic (RN)
\ESO@tempdima=\dimen189
\ESO@tempdimb=\dimen190
)
(C:\Users\adamu\AppData\Local\Programs\MiKTeX\tex/latex/pgf/frontendlayer\tikz.
sty
(C:\Users\adamu\AppData\Local\Programs\MiKTeX\tex/latex/pgf/basiclayer\pgf.sty
(C:\Users\adamu\AppData\Local\Programs\MiKTeX\tex/latex/pgf/utilities\pgfrcs.st
y
(C:\Users\adamu\AppData\Local\Programs\MiKTeX\tex/generic/pgf/utilities\pgfutil
-common.tex
\pgfutil@everybye=\toks30
\pgfutil@tempdima=\dimen191
\pgfutil@tempdimb=\dimen192
)
(C:\Users\adamu\AppData\Local\Programs\MiKTeX\tex/generic/pgf/utilities\pgfutil
-latex.def
\pgfutil@abb=\box68
)
(C:\Users\adamu\AppData\Local\Programs\MiKTeX\tex/generic/pgf/utilities\pgfrcs.
code.tex
(C:\Users\adamu\AppData\Local\Programs\MiKTeX\tex/generic/pgf\pgf.revision.tex)
Package: pgfrcs 2025-08-29 v3.1.11a (3.1.11a)
))
Package: pgf 2025-08-29 v3.1.11a (3.1.11a)

(C:\Users\adamu\AppData\Local\Programs\MiKTeX\tex/latex/pgf/basiclayer\pgfcore.
sty
(C:\Users\adamu\AppData\Local\Programs\MiKTeX\tex/latex/pgf/systemlayer\pgfsys.
sty
(C:\Users\adamu\AppData\Local\Programs\MiKTeX\tex/generic/pgf/systemlayer\pgfsy
s.code.tex
Package: pgfsys 2025-08-29 v3.1.11a (3.1.11a)

(C:\Users\adamu\AppData\Local\Programs\MiKTeX\tex/generic/pgf/utilities\pgfkeys
.code.tex
\pgfkeys@pathtoks=\toks31
\pgfkeys@temptoks=\toks32

(C:\Users\adamu\AppData\Local\Programs\MiKTeX\tex/generic/pgf/utilities\pgfkeys
libraryfiltered.code.tex
\pgfkeys@tmptoks=\toks33
))
\pgf@x=\dimen193
\pgf@y=\dimen194
\pgf@xa=\dimen195
\pgf@ya=\dimen196
\pgf@xb=\dimen197
\pgf@yb=\dimen198
\pgf@xc=\dimen199
\pgf@yc=\dimen256
\pgf@xd=\dimen257
\pgf@yd=\dimen258
\w@pgf@writea=\write3
\r@pgf@reada=\read3
\c@pgf@counta=\count313
\c@pgf@countb=\count314
\c@pgf@countc=\count315
\c@pgf@countd=\count316
\t@pgf@toka=\toks34
\t@pgf@tokb=\toks35
\t@pgf@tokc=\toks36
\pgf@sys@id@count=\count317

(C:\Users\adamu\AppData\Local\Programs\MiKTeX\tex/generic/pgf/systemlayer\pgf.c
fg
File: pgf.cfg 2025-08-29 v3.1.11a (3.1.11a)
)
Driver file for pgf: pgfsys-pdftex.def

(C:\Users\adamu\AppData\Local\Programs\MiKTeX\tex/generic/pgf/systemlayer\pgfsy
s-pdftex.def
File: pgfsys-pdftex.def 2025-08-29 v3.1.11a (3.1.11a)

(C:\Users\adamu\AppData\Local\Programs\MiKTeX\tex/generic/pgf/systemlayer\pgfsy
s-common-pdf.def
File: pgfsys-common-pdf.def 2025-08-29 v3.1.11a (3.1.11a)
)))
(C:\Users\adamu\AppData\Local\Programs\MiKTeX\tex/generic/pgf/systemlayer\pgfsy
ssoftpath.code.tex
File: pgfsyssoftpath.code.tex 2025-08-29 v3.1.11a (3.1.11a)
\pgfsyssoftpath@smallbuffer@items=\count318
\pgfsyssoftpath@bigbuffer@items=\count319
)
(C:\Users\adamu\AppData\Local\Programs\MiKTeX\tex/generic/pgf/systemlayer\pgfsy
sprotocol.code.tex
File: pgfsysprotocol.code.tex 2025-08-29 v3.1.11a (3.1.11a)
))
(C:\Users\adamu\AppData\Local\Programs\MiKTeX\tex/generic/pgf/basiclayer\pgfcor
e.code.tex
Package: pgfcore 2025-08-29 v3.1.11a (3.1.11a)

(C:\Users\adamu\AppData\Local\Programs\MiKTeX\tex/generic/pgf/math\pgfmath.code
.tex
(C:\Users\adamu\AppData\Local\Programs\MiKTeX\tex/generic/pgf/math\pgfmathutil.
code.tex)
(C:\Users\adamu\AppData\Local\Programs\MiKTeX\tex/generic/pgf/math\pgfmathparse
r.code.tex
\pgfmath@dimen=\dimen259
\pgfmath@count=\count320
\pgfmath@box=\box69
\pgfmath@toks=\toks37
\pgfmath@stack@operand=\toks38
\pgfmath@stack@operation=\toks39
)
(C:\Users\adamu\AppData\Local\Programs\MiKTeX\tex/generic/pgf/math\pgfmathfunct
ions.code.tex)
(C:\Users\adamu\AppData\Local\Programs\MiKTeX\tex/generic/pgf/math\pgfmathfunct
ions.basic.code.tex)
(C:\Users\adamu\AppData\Local\Programs\MiKTeX\tex/generic/pgf/math\pgfmathfunct
ions.trigonometric.code.tex)
(C:\Users\adamu\AppData\Local\Programs\MiKTeX\tex/generic/pgf/math\pgfmathfunct
ions.random.code.tex)
(C:\Users\adamu\AppData\Local\Programs\MiKTeX\tex/generic/pgf/math\pgfmathfunct
ions.comparison.code.tex)
(C:\Users\adamu\AppData\Local\Programs\MiKTeX\tex/generic/pgf/math\pgfmathfunct
ions.base.code.tex)
(C:\Users\adamu\AppData\Local\Programs\MiKTeX\tex/generic/pgf/math\pgfmathfunct
ions.round.code.tex)
(C:\Users\adamu\AppData\Local\Programs\MiKTeX\tex/generic/pgf/math\pgfmathfunct
ions.misc.code.tex)
(C:\Users\adamu\AppData\Local\Programs\MiKTeX\tex/generic/pgf/math\pgfmathfunct
ions.integerarithmetics.code.tex)
(C:\Users\adamu\AppData\Local\Programs\MiKTeX\tex/generic/pgf/math\pgfmathcalc.
code.tex)
(C:\Users\adamu\AppData\Local\Programs\MiKTeX\tex/generic/pgf/math\pgfmathfloat
.code.tex
\c@pgfmathroundto@lastzeros=\count321
))
(C:\Users\adamu\AppData\Local\Programs\MiKTeX\tex/generic/pgf/math\pgfint.code.
tex)
(C:\Users\adamu\AppData\Local\Programs\MiKTeX\tex/generic/pgf/basiclayer\pgfcor
epoints.code.tex
File: pgfcorepoints.code.tex 2025-08-29 v3.1.11a (3.1.11a)
\pgf@picminx=\dimen260
\pgf@picmaxx=\dimen261
\pgf@picminy=\dimen262
\pgf@picmaxy=\dimen263
\pgf@pathminx=\dimen264
\pgf@pathmaxx=\dimen265
\pgf@pathminy=\dimen266
\pgf@pathmaxy=\dimen267
\pgf@xx=\dimen268
\pgf@xy=\dimen269
\pgf@yx=\dimen270
\pgf@yy=\dimen271
\pgf@zx=\dimen272
\pgf@zy=\dimen273
)
(C:\Users\adamu\AppData\Local\Programs\MiKTeX\tex/generic/pgf/basiclayer\pgfcor
epathconstruct.code.tex
File: pgfcorepathconstruct.code.tex 2025-08-29 v3.1.11a (3.1.11a)
\pgf@path@lastx=\dimen274
\pgf@path@lasty=\dimen275
)
(C:\Users\adamu\AppData\Local\Programs\MiKTeX\tex/generic/pgf/basiclayer\pgfcor
epathusage.code.tex
File: pgfcorepathusage.code.tex 2025-08-29 v3.1.11a (3.1.11a)
\pgf@shorten@end@additional=\dimen276
\pgf@shorten@start@additional=\dimen277
)
(C:\Users\adamu\AppData\Local\Programs\MiKTeX\tex/generic/pgf/basiclayer\pgfcor
escopes.code.tex
File: pgfcorescopes.code.tex 2025-08-29 v3.1.11a (3.1.11a)
\pgfpic=\box70
\pgf@hbox=\box71
\pgf@layerbox@main=\box72
\pgf@picture@serial@count=\count322
)
(C:\Users\adamu\AppData\Local\Programs\MiKTeX\tex/generic/pgf/basiclayer\pgfcor
egraphicstate.code.tex
File: pgfcoregraphicstate.code.tex 2025-08-29 v3.1.11a (3.1.11a)
\pgflinewidth=\dimen278
)
(C:\Users\adamu\AppData\Local\Programs\MiKTeX\tex/generic/pgf/basiclayer\pgfcor
etransformations.code.tex
File: pgfcoretransformations.code.tex 2025-08-29 v3.1.11a (3.1.11a)
\pgf@pt@x=\dimen279
\pgf@pt@y=\dimen280
\pgf@pt@temp=\dimen281
)
(C:\Users\adamu\AppData\Local\Programs\MiKTeX\tex/generic/pgf/basiclayer\pgfcor
equick.code.tex
File: pgfcorequick.code.tex 2025-08-29 v3.1.11a (3.1.11a)
)
(C:\Users\adamu\AppData\Local\Programs\MiKTeX\tex/generic/pgf/basiclayer\pgfcor
eobjects.code.tex
File: pgfcoreobjects.code.tex 2025-08-29 v3.1.11a (3.1.11a)
)
(C:\Users\adamu\AppData\Local\Programs\MiKTeX\tex/generic/pgf/basiclayer\pgfcor
epathprocessing.code.tex
File: pgfcorepathprocessing.code.tex 2025-08-29 v3.1.11a (3.1.11a)
)
(C:\Users\adamu\AppData\Local\Programs\MiKTeX\tex/generic/pgf/basiclayer\pgfcor
earrows.code.tex
File: pgfcorearrows.code.tex 2025-08-29 v3.1.11a (3.1.11a)
\pgfarrowsep=\dimen282
)
(C:\Users\adamu\AppData\Local\Programs\MiKTeX\tex/generic/pgf/basiclayer\pgfcor
eshade.code.tex
File: pgfcoreshade.code.tex 2025-08-29 v3.1.11a (3.1.11a)
\pgf@max=\dimen283
\pgf@sys@shading@range@num=\count323
\pgf@shadingcount=\count324
)
(C:\Users\adamu\AppData\Local\Programs\MiKTeX\tex/generic/pgf/basiclayer\pgfcor
eimage.code.tex
File: pgfcoreimage.code.tex 2025-08-29 v3.1.11a (3.1.11a)
)
(C:\Users\adamu\AppData\Local\Programs\MiKTeX\tex/generic/pgf/basiclayer\pgfcor
eexternal.code.tex
File: pgfcoreexternal.code.tex 2025-08-29 v3.1.11a (3.1.11a)
\pgfexternal@startupbox=\box73
)
(C:\Users\adamu\AppData\Local\Programs\MiKTeX\tex/generic/pgf/basiclayer\pgfcor
elayers.code.tex
File: pgfcorelayers.code.tex 2025-08-29 v3.1.11a (3.1.11a)
)
(C:\Users\adamu\AppData\Local\Programs\MiKTeX\tex/generic/pgf/basiclayer\pgfcor
etransparency.code.tex
File: pgfcoretransparency.code.tex 2025-08-29 v3.1.11a (3.1.11a)
)
(C:\Users\adamu\AppData\Local\Programs\MiKTeX\tex/generic/pgf/basiclayer\pgfcor
epatterns.code.tex
File: pgfcorepatterns.code.tex 2025-08-29 v3.1.11a (3.1.11a)
)
(C:\Users\adamu\AppData\Local\Programs\MiKTeX\tex/generic/pgf/basiclayer\pgfcor
erdf.code.tex
File: pgfcorerdf.code.tex 2025-08-29 v3.1.11a (3.1.11a)
)))
(C:\Users\adamu\AppData\Local\Programs\MiKTeX\tex/generic/pgf/modules\pgfmodule
shapes.code.tex
File: pgfmoduleshapes.code.tex 2025-08-29 v3.1.11a (3.1.11a)
\pgfnodeparttextbox=\box74
)
(C:\Users\adamu\AppData\Local\Programs\MiKTeX\tex/generic/pgf/modules\pgfmodule
plot.code.tex
File: pgfmoduleplot.code.tex 2025-08-29 v3.1.11a (3.1.11a)
)
(C:\Users\adamu\AppData\Local\Programs\MiKTeX\tex/latex/pgf/compatibility\pgfco
mp-version-0-65.sty
Package: pgfcomp-version-0-65 2025-08-29 v3.1.11a (3.1.11a)
\pgf@nodesepstart=\dimen284
\pgf@nodesepend=\dimen285
)
(C:\Users\adamu\AppData\Local\Programs\MiKTeX\tex/latex/pgf/compatibility\pgfco
mp-version-1-18.sty
Package: pgfcomp-version-1-18 2025-08-29 v3.1.11a (3.1.11a)
))
(C:\Users\adamu\AppData\Local\Programs\MiKTeX\tex/latex/pgf/utilities\pgffor.st
y
(C:\Users\adamu\AppData\Local\Programs\MiKTeX\tex/latex/pgf/utilities\pgfkeys.s
ty
(C:\Users\adamu\AppData\Local\Programs\MiKTeX\tex/generic/pgf/utilities\pgfkeys
.code.tex))
(C:\Users\adamu\AppData\Local\Programs\MiKTeX\tex/latex/pgf/math\pgfmath.sty
(C:\Users\adamu\AppData\Local\Programs\MiKTeX\tex/generic/pgf/math\pgfmath.code
.tex))
(C:\Users\adamu\AppData\Local\Programs\MiKTeX\tex/generic/pgf/utilities\pgffor.
code.tex
Package: pgffor 2025-08-29 v3.1.11a (3.1.11a)
\pgffor@iter=\dimen286
\pgffor@skip=\dimen287
\pgffor@stack=\toks40
\pgffor@toks=\toks41
))
(C:\Users\adamu\AppData\Local\Programs\MiKTeX\tex/generic/pgf/frontendlayer/tik
z\tikz.code.tex
Package: tikz 2025-08-29 v3.1.11a (3.1.11a)

(C:\Users\adamu\AppData\Local\Programs\MiKTeX\tex/generic/pgf/libraries\pgflibr
aryplothandlers.code.tex
File: pgflibraryplothandlers.code.tex 2025-08-29 v3.1.11a (3.1.11a)
\pgf@plot@mark@count=\count325
\pgfplotmarksize=\dimen288
)
\tikz@lastx=\dimen289
\tikz@lasty=\dimen290
\tikz@lastxsaved=\dimen291
\tikz@lastysaved=\dimen292
\tikz@lastmovetox=\dimen293
\tikz@lastmovetoy=\dimen294
\tikzleveldistance=\dimen295
\tikzsiblingdistance=\dimen296
\tikz@figbox=\box75
\tikz@figbox@bg=\box76
\tikz@tempbox=\box77
\tikz@tempbox@bg=\box78
\tikztreelevel=\count326
\tikznumberofchildren=\count327
\tikznumberofcurrentchild=\count328
\tikz@fig@count=\count329

(C:\Users\adamu\AppData\Local\Programs\MiKTeX\tex/generic/pgf/modules\pgfmodule
matrix.code.tex
File: pgfmodulematrix.code.tex 2025-08-29 v3.1.11a (3.1.11a)
\pgfmatrixcurrentrow=\count330
\pgfmatrixcurrentcolumn=\count331
\pgf@matrix@numberofcolumns=\count332
)
\tikz@expandcount=\count333

(C:\Users\adamu\AppData\Local\Programs\MiKTeX\tex/generic/pgf/frontendlayer/tik
z/libraries\tikzlibrarytopaths.code.tex
File: tikzlibrarytopaths.code.tex 2025-08-29 v3.1.11a (3.1.11a)
)))
(C:\Users\adamu\AppData\Local\Programs\MiKTeX\tex/latex/tocloft\tocloft.sty
Package: tocloft 2017/08/31 v2.3i parameterised ToC, etc., typesetting
Package tocloft Info: The document has section divisions on input line 51.
\cftparskip=\skip145
\cftbeforetoctitleskip=\skip146
\cftaftertoctitleskip=\skip147
\cftbeforepartskip=\skip148
\cftpartnumwidth=\skip149
\cftpartindent=\skip150
\cftbeforesecskip=\skip151
\cftsecindent=\skip152
\cftsecnumwidth=\skip153
\cftbeforesubsecskip=\skip154
\cftsubsecindent=\skip155
\cftsubsecnumwidth=\skip156
\cftbeforesubsubsecskip=\skip157
\cftsubsubsecindent=\skip158
\cftsubsubsecnumwidth=\skip159
\cftbeforeparaskip=\skip160
\cftparaindent=\skip161
\cftparanumwidth=\skip162
\cftbeforesubparaskip=\skip163
\cftsubparaindent=\skip164
\cftsubparanumwidth=\skip165
\cftbeforeloftitleskip=\skip166
\cftafterloftitleskip=\skip167
\cftbeforefigskip=\skip168
\cftfigindent=\skip169
\cftfignumwidth=\skip170
\c@lofdepth=\count334
\c@lotdepth=\count335
\cftbeforelottitleskip=\skip171
\cftafterlottitleskip=\skip172
\cftbeforetabskip=\skip173
\cfttabindent=\skip174
\cfttabnumwidth=\skip175
)
(C:\Users\adamu\AppData\Local\Programs\MiKTeX\tex/latex/hyperref\hyperref.sty
Package: hyperref 2026-01-29 v7.01p Hypertext links for LaTeX

(C:\Users\adamu\AppData\Local\Programs\MiKTeX\tex/generic/pdfescape\pdfescape.s
ty
Package: pdfescape 2019/12/09 v1.15 Implements pdfTeX's escape features (HO)
) (C:\Users\adamu\AppData\Local\Programs\MiKTeX\tex/latex/hycolor\hycolor.sty
Package: hycolor 2020-01-27 v1.10 Color options for hyperref/bookmark (HO)
) (C:\Users\adamu\AppData\Local\Programs\MiKTeX\tex/latex/hyperref\nameref.sty
Package: nameref 2026-01-29 v2.58 Cross-referencing by name of section

(C:\Users\adamu\AppData\Local\Programs\MiKTeX\tex/latex/refcount\refcount.sty
Package: refcount 2019/12/15 v3.6 Data extraction from label references (HO)
)
(C:\Users\adamu\AppData\Local\Programs\MiKTeX\tex/generic/gettitlestring\gettit
lestring.sty
Package: gettitlestring 2019/12/15 v1.6 Cleanup title references (HO)
)
\c@section@level=\count336
)
(C:\Users\adamu\AppData\Local\Programs\MiKTeX\tex/generic/stringenc\stringenc.s
ty
Package: stringenc 2019/11/29 v1.12 Convert strings between diff. encodings (HO
)
)
\@linkdim=\dimen297
\Hy@linkcounter=\count337
\Hy@pagecounter=\count338
 (C:\Users\adamu\AppData\Local\Programs\MiKTeX\tex/latex/hyperref\pd1enc.def
File: pd1enc.def 2026-01-29 v7.01p Hyperref: PDFDocEncoding definition (HO)
Now handling font encoding PD1 ...
... no UTF-8 mapping file for font encoding PD1
) (C:\Users\adamu\AppData\Local\Programs\MiKTeX\tex/generic/intcalc\intcalc.sty
Package: intcalc 2019/12/15 v1.3 Expandable calculations with integers (HO)
)
\Hy@SavedSpaceFactor=\count339
 (C:\Users\adamu\AppData\Local\Programs\MiKTeX\tex/latex/hyperref\puenc.def
File: puenc.def 2026-01-29 v7.01p Hyperref: PDF Unicode definition (HO)
Now handling font encoding PU ...
... no UTF-8 mapping file for font encoding PU
)
Package hyperref Info: Option `colorlinks' set `true' on input line 4072.
Package hyperref Info: Hyper figures OFF on input line 4201.
Package hyperref Info: Link nesting OFF on input line 4206.
Package hyperref Info: Hyper index ON on input line 4209.
Package hyperref Info: Plain pages OFF on input line 4216.
Package hyperref Info: Backreferencing OFF on input line 4221.
Package hyperref Info: Implicit mode ON; LaTeX internals redefined.
Package hyperref Info: Bookmarks ON on input line 4468.
\c@Hy@tempcnt=\count340

(C:\Users\adamu\AppData\Local\Programs\MiKTeX\tex/latex/url\url.sty
\Urlmuskip=\muskip17
Package: url 2013/09/16  ver 3.4  Verb mode for urls, etc.
)
LaTeX Info: Redefining \url on input line 4807.
\XeTeXLinkMargin=\dimen298

(C:\Users\adamu\AppData\Local\Programs\MiKTeX\tex/generic/bitset\bitset.sty
Package: bitset 2019/12/09 v1.3 Handle bit-vector datatype (HO)

(C:\Users\adamu\AppData\Local\Programs\MiKTeX\tex/generic/bigintcalc\bigintcalc
.sty
Package: bigintcalc 2019/12/15 v1.5 Expandable calculations on big integers (HO
)
))
\Fld@menulength=\count341
\Field@Width=\dimen299
\Fld@charsize=\dimen300
Package hyperref Info: Hyper figures OFF on input line 6084.
Package hyperref Info: Link nesting OFF on input line 6089.
Package hyperref Info: Hyper index ON on input line 6092.
Package hyperref Info: backreferencing OFF on input line 6099.
Package hyperref Info: Link coloring ON on input line 6102.
Package hyperref Info: Link coloring with OCG OFF on input line 6109.
Package hyperref Info: PDF/A mode OFF on input line 6114.
\Hy@abspage=\count342
\c@Item=\count343
\c@Hfootnote=\count344
)
Package hyperref Info: Driver (autodetected): hpdftex.

(C:\Users\adamu\AppData\Local\Programs\MiKTeX\tex/latex/hyperref\hpdftex.def
File: hpdftex.def 2026-01-29 v7.01p Hyperref driver for pdfTeX
\HyAnn@Count=\count345
\Fld@listcount=\count346
\c@bookmark@seq@number=\count347

(C:\Users\adamu\AppData\Local\Programs\MiKTeX\tex/latex/rerunfilecheck\rerunfil
echeck.sty
Package: rerunfilecheck 2025-06-21 v1.11 Rerun checks for auxiliary files (HO)

(C:\Users\adamu\AppData\Local\Programs\MiKTeX\tex/generic/uniquecounter\uniquec
ounter.sty
Package: uniquecounter 2019/12/15 v1.4 Provide unlimited unique counter (HO)
)
Package uniquecounter Info: New unique counter `rerunfilecheck' on input line 2
84.
)
\Hy@SectionHShift=\skip176
)
LaTeX Font Info:    Trying to load font information for T1+phv on input line 76
.

(C:\Users\adamu\AppData\Local\Programs\MiKTeX\tex/latex/psnfss\t1phv.fd
File: t1phv.fd 2020/03/25 scalable font definitions for T1/phv.
)
LaTeX Font Info:    Font shape `T1/phv/m/n' will be
(Font)              scaled to size 12.0pt on input line 76.

(C:\Users\adamu\WebstormProjects\pj-studies\latex-studia\output\program_stacjon
arne.aux
Package babel Info: 'polish' activates 'polish' shorthands.
(babel)             Reported on input line 10.
)
\openout1 = `program_stacjonarne.aux'.

LaTeX Font Info:    Checking defaults for OML/cmm/m/it on input line 76.
LaTeX Font Info:    ... okay on input line 76.
LaTeX Font Info:    Checking defaults for OMS/cmsy/m/n on input line 76.
LaTeX Font Info:    ... okay on input line 76.
LaTeX Font Info:    Checking defaults for OT1/cmr/m/n on input line 76.
LaTeX Font Info:    ... okay on input line 76.
LaTeX Font Info:    Checking defaults for T1/cmr/m/n on input line 76.
LaTeX Font Info:    ... okay on input line 76.
LaTeX Font Info:    Checking defaults for TS1/cmr/m/n on input line 76.
LaTeX Font Info:    ... okay on input line 76.
LaTeX Font Info:    Checking defaults for OMX/cmex/m/n on input line 76.
LaTeX Font Info:    ... okay on input line 76.
LaTeX Font Info:    Checking defaults for U/cmr/m/n on input line 76.
LaTeX Font Info:    ... okay on input line 76.
LaTeX Font Info:    Checking defaults for PD1/pdf/m/n on input line 76.
LaTeX Font Info:    ... okay on input line 76.
LaTeX Font Info:    Checking defaults for PU/pdf/m/n on input line 76.
LaTeX Font Info:    ... okay on input line 76.
LaTeX Info: Redefining \microtypecontext on input line 76.
Package microtype Info: Applying patch `item' on input line 76.
Package microtype Info: Applying patch `toc' on input line 76.
Package microtype Info: Applying patch `eqnum' on input line 76.


Package microtype Warning: Unable to apply patch `footnote' on input line 76.

Package microtype Info: Applying patch `verbatim' on input line 76.
LaTeX Info: Redefining \microtypesetup on input line 76.
Package microtype Info: Generating PDF output.
Package microtype Info: Character protrusion enabled (level 2).
Package microtype Info: Using default protrusion set `alltext'.
Package microtype Info: Automatic font expansion enabled (level 2),
(microtype)             stretch: 20, shrink: 20, step: 1, non-selected.
Package microtype Info: Using default expansion set `alltext-nott'.
Package microtype Info: Patching command `\showhyphens'.
Package microtype Info: No adjustment of tracking.
Package microtype Info: No adjustment of interword spacing.
Package microtype Info: No adjustment of character kerning.
Package microtype Info: Loading generic protrusion settings for font family
(microtype)             `phv' (encoding: T1).
(microtype)             For optimal results, create family-specific settings.
(microtype)             See the microtype manual for details.
*geometry* driver: auto-detecting
*geometry* detected driver: pdftex
*geometry* verbose mode - [ preamble ] result:
* driver: pdftex
* paper: a4paper
* layout: <same size as paper>
* layoutoffset:(h,v)=(0.0pt,0.0pt)
* modes: 
* h-part:(L,W,R)=(71.13188pt, 455.24411pt, 71.13188pt)
* v-part:(T,H,B)=(71.13188pt, 702.78308pt, 71.13188pt)
* \paperwidth=597.50787pt
* \paperheight=845.04684pt
* \textwidth=455.24411pt
* \textheight=702.78308pt
* \oddsidemargin=-1.1381pt
* \evensidemargin=-1.1381pt
* \topmargin=-38.1381pt
* \headheight=14.0pt
* \headsep=25.0pt
* \topskip=12.0pt
* \footskip=30.0pt
* \marginparwidth=35.0pt
* \marginparsep=10.0pt
* \columnsep=10.0pt
* \skip\footins=10.8pt plus 4.0pt minus 2.0pt
* \hoffset=0.0pt
* \voffset=0.0pt
* \mag=1000
* \@twocolumnfalse
* \@twosidefalse
* \@mparswitchfalse
* \@reversemarginfalse
* (1in=72.27pt=25.4mm, 1cm=28.453pt)


(C:\Users\adamu\AppData\Local\Programs\MiKTeX\tex/context/base/mkii\supp-pdf.mk
ii
[Loading MPS to PDF converter (version 2006.09.02).]
\scratchcounter=\count348
\scratchdimen=\dimen301
\scratchbox=\box79
\nofMPsegments=\count349
\nofMParguments=\count350
\everyMPshowfont=\toks42
\MPscratchCnt=\count351
\MPscratchDim=\dimen302
\MPnumerator=\count352
\makeMPintoPDFobject=\count353
\everyMPtoPDFconversion=\toks43
)
(C:\Users\adamu\AppData\Local\Programs\MiKTeX\tex/latex/epstopdf-pkg\epstopdf-b
ase.sty
Package: epstopdf-base 2020-01-24 v2.11 Base part for package epstopdf
Package epstopdf-base Info: Redefining graphics rule for `.eps' on input line 4
85.

(C:\Users\adamu\AppData\Local\Programs\MiKTeX\tex/latex/00miktex\epstopdf-sys.c
fg
File: epstopdf-sys.cfg 2021/03/18 v2.0 Configuration of epstopdf for MiKTeX
))
Package hyperref Info: Link coloring ON on input line 76.

(C:\Users\adamu\WebstormProjects\pj-studies\latex-studia\output\program_stacjon
arne.out)
(C:\Users\adamu\WebstormProjects\pj-studies\latex-studia\output\program_stacjon
arne.out)
\@outlinefile=\write4
\openout4 = `program_stacjonarne.out'.



pdfTeX warning: pdflatex.exe (file ../latex/PJATK_pl_poziom_1.pdf): PDF inclusi
on: found PDF version <1.6>, but at most version <1.5> allowed
<../latex/PJATK_pl_poziom_1.pdf, id=130, 365.365pt x 55.20625pt>
File: ../latex/PJATK_pl_poziom_1.pdf Graphic file (type pdf)
<use ../latex/PJATK_pl_poziom_1.pdf>
Package pdftex.def Info: ../latex/PJATK_pl_poziom_1.pdf  used on input line 87.

(pdftex.def)             Requested size: 376.6312pt x 56.9055pt.
LaTeX Font Info:    Font shape `T1/phv/m/n' will be
(Font)              scaled to size 20.74pt on input line 88.
LaTeX Font Info:    Font shape `T1/phv/b/n' will be
(Font)              scaled to size 20.74pt on input line 88.
(C:\Users\adamu\AppData\Local\Programs\MiKTeX\tex/latex/lm\ot1lmr.fd)
(C:\Users\adamu\AppData\Local\Programs\MiKTeX\tex/latex/microtype\mt-cmr.cfg)
(C:\Users\adamu\AppData\Local\Programs\MiKTeX\tex/latex/lm\omllmm.fd)
(C:\Users\adamu\AppData\Local\Programs\MiKTeX\tex/latex/lm\omslmsy.fd)
(C:\Users\adamu\AppData\Local\Programs\MiKTeX\tex/latex/lm\omxlmex.fd)
LaTeX Font Info:    Font shape `T1/phv/m/n' will be
(Font)              scaled to size 10.95pt on input line 108.
LaTeX Font Info:    Font shape `T1/phv/b/n' will be
(Font)              scaled to size 10.95pt on input line 108.


pdfTeX warning: pdflatex.exe (file ../latex/PJATK_pl_sygnet.pdf): PDF inclusion
: found PDF version <1.6>, but at most version <1.5> allowed
<../latex/PJATK_pl_sygnet.pdf, id=131, 257.54419pt x 258.68143pt>
File: ../latex/PJATK_pl_sygnet.pdf Graphic file (type pdf)
<use ../latex/PJATK_pl_sygnet.pdf>
Package pdftex.def Info: ../latex/PJATK_pl_sygnet.pdf  used on input line 114.
(pdftex.def)             Requested size: 284.52756pt x 285.7938pt.
[1

{C:/Users/adamu/AppData/Local/MiKTeX/fonts/map/pdftex/pdftex.map}{C:/Users/adam
u/AppData/Local/Programs/MiKTeX/fonts/enc/dvips/base/8r.enc} <../latex/PJATK_pl
_sygnet.pdf> <../latex/PJATK_pl_poziom_1.pdf>]
LaTeX Font Info:    Font shape `T1/phv/m/n' will be
(Font)              scaled to size 17.28pt on input line 118.
LaTeX Font Info:    Font shape `T1/phv/b/n' will be
(Font)              scaled to size 17.28pt on input line 118.

(C:\Users\adamu\WebstormProjects\pj-studies\latex-studia\output\program_stacjon
arne.toc)
\tf@toc=\write5
\openout5 = `program_stacjonarne.toc'.


pdfTeX warning (ext4): destination with the same identifier (name{page.1}) has 
been already used, duplicate ignored
<to be read again> 
                   \relax 
l.119 \newpage
              
File: ../latex/PJATK_pl_sygnet.pdf Graphic file (type pdf)
<use ../latex/PJATK_pl_sygnet.pdf>
Package pdftex.def Info: ../latex/PJATK_pl_sygnet.pdf  used on input line 119.
(pdftex.def)             Requested size: 284.52756pt x 285.7938pt.
 [1]
LaTeX Font Info:    Font shape `T1/phv/m/n' will be
(Font)              scaled to size 14.4pt on input line 122.
LaTeX Font Info:    Font shape `T1/phv/b/n' will be
(Font)              scaled to size 14.4pt on input line 122.
File: ../latex/PJATK_pl_sygnet.pdf Graphic file (type pdf)
<use ../latex/PJATK_pl_sygnet.pdf>
Package pdftex.def Info: ../latex/PJATK_pl_sygnet.pdf  used on input line 149.
(pdftex.def)             Requested size: 284.52756pt x 285.7938pt.
 [2]
LaTeX Font Info:    Trying to load font information for TS1+phv on input line 1
69.

(C:\Users\adamu\AppData\Local\Programs\MiKTeX\tex/latex/psnfss\ts1phv.fd
File: ts1phv.fd 2020/03/25 scalable font definitions for TS1/phv.
)
LaTeX Font Info:    Font shape `TS1/phv/m/n' will be
(Font)              scaled to size 12.0pt on input line 169.
Package microtype Info: Loading generic protrusion settings for font family
(microtype)             `phv' (encoding: TS1).
(microtype)             For optimal results, create family-specific settings.
(microtype)             See the microtype manual for details.
File: ../latex/PJATK_pl_sygnet.pdf Graphic file (type pdf)
<use ../latex/PJATK_pl_sygnet.pdf>
Package pdftex.def Info: ../latex/PJATK_pl_sygnet.pdf  used on input line 176.
(pdftex.def)             Requested size: 284.52756pt x 285.7938pt.

[3]
LaTeX Font Info:    Font shape `T1/phv/m/n' will be
(Font)              scaled to size 8.0pt on input line 185.
LaTeX Font Info:    Font shape `T1/phv/m/n' will be
(Font)              scaled to size 10.0pt on input line 188.
LaTeX Font Info:    Font shape `T1/phv/b/n' will be
(Font)              scaled to size 10.0pt on input line 188.

Overfull \hbox (2.4758pt too wide) in alignment at lines 211--215
 [] [] [] [] 
 []


Overfull \hbox (2.4758pt too wide) in alignment at lines 215--219
 [] [] [] [] 
 []


Underfull \hbox (badness 10000) in paragraph at lines 222--222
[]|\T1/phv/m/n/8 (+20) P6S_WG,
 []


Underfull \hbox (badness 10000) in paragraph at lines 226--226
[]|\T1/phv/m/n/8 (+20) P6S_WG,
 []


Underfull \hbox (badness 10000) in paragraph at lines 228--228
[]|\T1/phv/m/n/8 (+20) P6S_WG,
 []


Underfull \hbox (badness 10000) in paragraph at lines 240--240
[]|\T1/phv/m/n/8 (+20) P6S_WK,
 []


Underfull \hbox (badness 10000) in paragraph at lines 248--248
[]|\T1/phv/m/n/8 (+20) P6S_WK,
 []


Underfull \hbox (badness 10000) in paragraph at lines 249--249
[]|\T1/phv/m/n/8 (+20) P6S_WG,
 []


Underfull \hbox (badness 10000) in paragraph at lines 271--271
[]|\T1/phv/m/n/8 (+20) P6S_WG,
 []


Underfull \hbox (badness 10000) in paragraph at lines 273--273
[]|\T1/phv/m/n/8 (+20) P6S_WG,
 []


Underfull \hbox (badness 10000) in paragraph at lines 287--287
[]|\T1/phv/m/n/8 (+20) P6S_WK,
 []


Underfull \hbox (badness 10000) in paragraph at lines 288--288
[]|\T1/phv/m/n/8 (+20) P6S_WK,
 []


Underfull \hbox (badness 10000) in paragraph at lines 292--292
[]|\T1/phv/m/n/8 (+20) P6S_WG,
 []


Underfull \hbox (badness 10000) in paragraph at lines 296--296
[]|\T1/phv/m/n/8 (+20) P6S_WK,
 []


Underfull \hbox (badness 10000) in paragraph at lines 302--302
[]|\T1/phv/m/n/8 (+20) P6S_WK,
 []


Underfull \hbox (badness 10000) in paragraph at lines 302--302
\T1/phv/m/n/8 (+20) P6S_WG,
 []


Underfull \hbox (badness 10000) in paragraph at lines 303--303
[]|\T1/phv/m/n/8 (+20) P6S_WK,
 []


Underfull \hbox (badness 10000) in paragraph at lines 303--303
\T1/phv/m/n/8 (+20) P6S_WG,
 []


Underfull \hbox (badness 10000) in paragraph at lines 313--313
[]|\T1/phv/m/n/8 (+20) P6S_WK,
 []


Underfull \hbox (badness 10000) in paragraph at lines 313--313
\T1/phv/m/n/8 (+20) P6S_WG,
 []


Underfull \hbox (badness 10000) in paragraph at lines 316--316
[]|\T1/phv/m/n/8 (+20) P6S_WK,
 []


Underfull \hbox (badness 10000) in paragraph at lines 316--316
\T1/phv/m/n/8 (+20) P6S_WG,
 []


Underfull \hbox (badness 10000) in paragraph at lines 317--317
[]|\T1/phv/m/n/8 (+20) P6S_WK,
 []


Underfull \hbox (badness 10000) in paragraph at lines 317--317
\T1/phv/m/n/8 (+20) P6S_WG,
 []


Underfull \hbox (badness 10000) in paragraph at lines 319--319
[]|\T1/phv/m/n/8 (+20) P6S_WK,
 []


Underfull \hbox (badness 10000) in paragraph at lines 325--325
[]|\T1/phv/m/n/8 (+20) P6S_WG,
 []


Underfull \hbox (badness 10000) in paragraph at lines 326--326
[]|\T1/phv/m/n/8 (+20) P6S_WG,
 []


Underfull \hbox (badness 10000) in paragraph at lines 327--327
[]|\T1/phv/m/n/8 (+20) P6S_WG,
 []


Underfull \hbox (badness 10000) in paragraph at lines 344--344
[]|\T1/phv/m/n/8 (+20) P6S_WG,
 []


Overfull \hbox (2.4758pt too wide) in alignment at lines 219--349
 [] [] [] [] 
 []

ignored error: Infinite glue shrinkage found in box being split
File: ../latex/PJATK_pl_sygnet.pdf Graphic file (type pdf)
<use ../latex/PJATK_pl_sygnet.pdf>
Package pdftex.def Info: ../latex/PJATK_pl_sygnet.pdf  used on input line 349.
(pdftex.def)             Requested size: 284.52756pt x 285.7938pt.
 [4]
ignored error: Infinite glue shrinkage found in box being split
File: ../latex/PJATK_pl_sygnet.pdf Graphic file (type pdf)
<use ../latex/PJATK_pl_sygnet.pdf>
Package pdftex.def Info: ../latex/PJATK_pl_sygnet.pdf  used on input line 349.
(pdftex.def)             Requested size: 284.52756pt x 285.7938pt.
 [5]
ignored error: Infinite glue shrinkage found in box being split
File: ../latex/PJATK_pl_sygnet.pdf Graphic file (type pdf)
<use ../latex/PJATK_pl_sygnet.pdf>
Package pdftex.def Info: ../latex/PJATK_pl_sygnet.pdf  used on input line 349.
(pdftex.def)             Requested size: 284.52756pt x 285.7938pt.
 [6]
ignored error: Infinite glue shrinkage found in box being split
File: ../latex/PJATK_pl_sygnet.pdf Graphic file (type pdf)
<use ../latex/PJATK_pl_sygnet.pdf>
Package pdftex.def Info: ../latex/PJATK_pl_sygnet.pdf  used on input line 349.
(pdftex.def)             Requested size: 284.52756pt x 285.7938pt.
 [7]
ignored error: Infinite glue shrinkage found in box being split
File: ../latex/PJATK_pl_sygnet.pdf Graphic file (type pdf)
<use ../latex/PJATK_pl_sygnet.pdf>
Package pdftex.def Info: ../latex/PJATK_pl_sygnet.pdf  used on input line 349.
(pdftex.def)             Requested size: 284.52756pt x 285.7938pt.
 [8]
ignored error: Infinite glue shrinkage found in box being split
File: ../latex/PJATK_pl_sygnet.pdf Graphic file (type pdf)
<use ../latex/PJATK_pl_sygnet.pdf>
Package pdftex.def Info: ../latex/PJATK_pl_sygnet.pdf  used on input line 349.
(pdftex.def)             Requested size: 284.52756pt x 285.7938pt.
 [9]
ignored error: Infinite glue shrinkage found in box being split
File: ../latex/PJATK_pl_sygnet.pdf Graphic file (type pdf)
<use ../latex/PJATK_pl_sygnet.pdf>
Package pdftex.def Info: ../latex/PJATK_pl_sygnet.pdf  used on input line 349.
(pdftex.def)             Requested size: 284.52756pt x 285.7938pt.
 [10]
ignored error: Infinite glue shrinkage found in box being split
File: ../latex/PJATK_pl_sygnet.pdf Graphic file (type pdf)
<use ../latex/PJATK_pl_sygnet.pdf>
Package pdftex.def Info: ../latex/PJATK_pl_sygnet.pdf  used on input line 349.
(pdftex.def)             Requested size: 284.52756pt x 285.7938pt.
 [11]
Overfull \hbox (2.4758pt too wide) in alignment at lines 354--358
 [] [] [] [] 
 []


Overfull \hbox (2.4758pt too wide) in alignment at lines 358--362
 [] [] [] [] 
 []


Underfull \hbox (badness 10000) in paragraph at lines 364--364
[]|\T1/phv/m/n/8 (+20) P6S_UU,
 []


Underfull \hbox (badness 10000) in paragraph at lines 366--366
[]|\T1/phv/m/n/8 (+20) P6S_UK,
 []


Underfull \hbox (badness 10000) in paragraph at lines 368--368
[]|\T1/phv/m/n/8 (+20) P6S_UK,
 []


Underfull \hbox (badness 10000) in paragraph at lines 368--368
\T1/phv/m/n/8 (+20) P6S_UO,
 []


Underfull \hbox (badness 10000) in paragraph at lines 373--373
[]|\T1/phv/m/n/8 (+20) P6S_UK,
 []


Underfull \hbox (badness 10000) in paragraph at lines 373--373
\T1/phv/m/n/8 (+20) P6S_UW,
 []


Underfull \hbox (badness 10000) in paragraph at lines 379--379
[]|\T1/phv/m/n/8 (+20) P6S_UW,
 []


Underfull \hbox (badness 10000) in paragraph at lines 380--380
[]|\T1/phv/m/n/8 (+20) P6S_UK,
 []


Underfull \hbox (badness 10000) in paragraph at lines 382--382
[]|\T1/phv/m/n/8 (+20) P6S_UW,
 []


Underfull \hbox (badness 10000) in paragraph at lines 384--384
[]|\T1/phv/m/n/8 (+20) P6S_UK,
 []


Underfull \hbox (badness 10000) in paragraph at lines 389--389
[]|\T1/phv/m/n/8 (+20) P6S_UK,
 []


Underfull \hbox (badness 10000) in paragraph at lines 396--396
[]|\T1/phv/m/n/8 (+20) P6S_UW,
 []


Underfull \hbox (badness 10000) in paragraph at lines 397--397
[]|\T1/phv/m/n/8 (+20) P6S_UW,
 []


Underfull \hbox (badness 10000) in paragraph at lines 402--402
[]|\T1/phv/m/n/8 (+20) P6S_UK,
 []


Underfull \hbox (badness 10000) in paragraph at lines 402--402
\T1/phv/m/n/8 (+20) P6S_UW,
 []


Underfull \hbox (badness 10000) in paragraph at lines 403--403
[]|\T1/phv/m/n/8 (+20) P6S_UK,
 []


Underfull \hbox (badness 10000) in paragraph at lines 403--403
\T1/phv/m/n/8 (+20) P6S_UW,
 []


Underfull \hbox (badness 10000) in paragraph at lines 404--404
[]|\T1/phv/m/n/8 (+20) P6S_UK,
 []


Underfull \hbox (badness 10000) in paragraph at lines 405--405
[]|\T1/phv/m/n/8 (+20) P6S_UK,
 []


Underfull \hbox (badness 10000) in paragraph at lines 406--406
[]|\T1/phv/m/n/8 (+20) P6S_UW,
 []


Underfull \hbox (badness 10000) in paragraph at lines 407--407
[]|\T1/phv/m/n/8 (+20) P6S_UK,
 []


Underfull \hbox (badness 10000) in paragraph at lines 408--408
[]|\T1/phv/m/n/8 (+20) P6S_UK,
 []


Underfull \hbox (badness 10000) in paragraph at lines 409--409
[]|\T1/phv/m/n/8 (+20) P6S_UK,
 []


Underfull \hbox (badness 10000) in paragraph at lines 410--410
[]|\T1/phv/m/n/8 (+20) P6S_UW,
 []


Underfull \hbox (badness 10000) in paragraph at lines 412--412
[]|\T1/phv/m/n/8 (+20) P6S_UK,
 []


Underfull \hbox (badness 10000) in paragraph at lines 416--416
[]|\T1/phv/m/n/8 (+20) P6S_UK,
 []


Underfull \hbox (badness 10000) in paragraph at lines 418--418
[]|\T1/phv/m/n/8 (+20) P6S_UW,
 []


Underfull \hbox (badness 10000) in paragraph at lines 421--421
[]|\T1/phv/m/n/8 (+20) P6S_UK,
 []


Underfull \hbox (badness 10000) in paragraph at lines 423--423
[]|\T1/phv/m/n/8 (+20) P6S_UK,
 []


Underfull \hbox (badness 10000) in paragraph at lines 431--431
[]|\T1/phv/m/n/8 (+20) P6S_UW,
 []


Underfull \hbox (badness 10000) in paragraph at lines 438--438
[]|\T1/phv/m/n/8 (+20) P6S_UW,
 []


Underfull \hbox (badness 10000) in paragraph at lines 443--443
[]|\T1/phv/m/n/8 (+20) P6S_UW,
 []


Underfull \hbox (badness 10000) in paragraph at lines 444--444
[]|\T1/phv/m/n/8 (+20) P6S_UK,
 []


Underfull \hbox (badness 10000) in paragraph at lines 445--445
[]|\T1/phv/m/n/8 (+20) P6S_UW,
 []


Underfull \hbox (badness 10000) in paragraph at lines 447--447
[]|\T1/phv/m/n/8 (+20) P6S_UO,
 []


Underfull \hbox (badness 10000) in paragraph at lines 447--447
\T1/phv/m/n/8 (+20) P6S_UW,
 []


Underfull \hbox (badness 10000) in paragraph at lines 451--451
[]|\T1/phv/m/n/8 (+20) P6S_UK,
 []


Underfull \hbox (badness 10000) in paragraph at lines 467--467
[]|\T1/phv/m/n/8 (+20) P6S_UW,
 []


Underfull \hbox (badness 10000) in paragraph at lines 468--468
[]|\T1/phv/m/n/8 (+20) P6S_UW,
 []


Underfull \hbox (badness 10000) in paragraph at lines 469--469
[]|\T1/phv/m/n/8 (+20) P6S_UW,
 []


Underfull \hbox (badness 10000) in paragraph at lines 470--470
[]|\T1/phv/m/n/8 (+20) P6S_UW,
 []


Underfull \hbox (badness 10000) in paragraph at lines 471--471
[]|\T1/phv/m/n/8 (+20) P6S_UW,
 []


Underfull \hbox (badness 10000) in paragraph at lines 472--472
[]|\T1/phv/m/n/8 (+20) P6S_UW,
 []


Underfull \hbox (badness 10000) in paragraph at lines 474--474
[]|\T1/phv/m/n/8 (+20) P6S_UW,
 []


Underfull \hbox (badness 10000) in paragraph at lines 477--477
[]|\T1/phv/m/n/8 (+20) P6S_UK,
 []


Underfull \hbox (badness 10000) in paragraph at lines 477--477
\T1/phv/m/n/8 (+20) P6S_UW,
 []


Underfull \hbox (badness 10000) in paragraph at lines 479--479
[]|\T1/phv/m/n/8 (+20) P6S_UK,
 []


Underfull \hbox (badness 10000) in paragraph at lines 489--489
[]|\T1/phv/m/n/8 (+20) P6S_UK,
 []


Underfull \hbox (badness 10000) in paragraph at lines 491--491
[]|\T1/phv/m/n/8 (+20) P6S_UW,
 []


Underfull \hbox (badness 10000) in paragraph at lines 492--492
[]|\T1/phv/m/n/8 (+20) P6S_UK,
 []


Underfull \hbox (badness 10000) in paragraph at lines 494--494
[]|\T1/phv/m/n/8 (+20) P6S_UK,
 []


Underfull \hbox (badness 10000) in paragraph at lines 495--495
[]|\T1/phv/m/n/8 (+20) P6S_UK,
 []


Underfull \hbox (badness 10000) in paragraph at lines 495--495
\T1/phv/m/n/8 (+20) P6S_UO,
 []


Underfull \hbox (badness 10000) in paragraph at lines 496--496
[]|\T1/phv/m/n/8 (+20) P6S_UW,
 []


Underfull \hbox (badness 10000) in paragraph at lines 498--498
[]|\T1/phv/m/n/8 (+20) P6S_UU,
 []


Underfull \hbox (badness 10000) in paragraph at lines 498--498
\T1/phv/m/n/8 (+20) P6S_UW,
 []


Underfull \hbox (badness 10000) in paragraph at lines 501--501
[]|\T1/phv/m/n/8 (+20) P6S_UK,
 []


Underfull \hbox (badness 10000) in paragraph at lines 501--501
\T1/phv/m/n/8 (+20) P6S_UO,
 []


Underfull \hbox (badness 10000) in paragraph at lines 502--502
[]|\T1/phv/m/n/8 (+20) P6S_UK,
 []


Underfull \hbox (badness 10000) in paragraph at lines 503--503
[]|\T1/phv/m/n/8 (+20) P6S_UW,
 []


Underfull \hbox (badness 10000) in paragraph at lines 504--504
[]|\T1/phv/m/n/8 (+20) P6S_UW,
 []


Underfull \hbox (badness 10000) in paragraph at lines 507--507
[]|\T1/phv/m/n/8 (+20) P6S_UW,
 []


Underfull \hbox (badness 10000) in paragraph at lines 511--511
[]|\T1/phv/m/n/8 (+20) P6S_UW,
 []


Underfull \hbox (badness 10000) in paragraph at lines 513--513
[]|\T1/phv/m/n/8 (+20) P6S_UK,
 []


Overfull \hbox (2.4758pt too wide) in alignment at lines 362--516
 [] [] [] [] 
 []

ignored error: Infinite glue shrinkage found in box being split
File: ../latex/PJATK_pl_sygnet.pdf Graphic file (type pdf)
<use ../latex/PJATK_pl_sygnet.pdf>
Package pdftex.def Info: ../latex/PJATK_pl_sygnet.pdf  used on input line 516.
(pdftex.def)             Requested size: 284.52756pt x 285.7938pt.
 [12]
ignored error: Infinite glue shrinkage found in box being split
File: ../latex/PJATK_pl_sygnet.pdf Graphic file (type pdf)
<use ../latex/PJATK_pl_sygnet.pdf>
Package pdftex.def Info: ../latex/PJATK_pl_sygnet.pdf  used on input line 516.
(pdftex.def)             Requested size: 284.52756pt x 285.7938pt.
 [13]
ignored error: Infinite glue shrinkage found in box being split
File: ../latex/PJATK_pl_sygnet.pdf Graphic file (type pdf)
<use ../latex/PJATK_pl_sygnet.pdf>
Package pdftex.def Info: ../latex/PJATK_pl_sygnet.pdf  used on input line 516.
(pdftex.def)             Requested size: 284.52756pt x 285.7938pt.
 [14]
ignored error: Infinite glue shrinkage found in box being split
File: ../latex/PJATK_pl_sygnet.pdf Graphic file (type pdf)
<use ../latex/PJATK_pl_sygnet.pdf>
Package pdftex.def Info: ../latex/PJATK_pl_sygnet.pdf  used on input line 516.
(pdftex.def)             Requested size: 284.52756pt x 285.7938pt.
 [15]
ignored error: Infinite glue shrinkage found in box being split
File: ../latex/PJATK_pl_sygnet.pdf Graphic file (type pdf)
<use ../latex/PJATK_pl_sygnet.pdf>
Package pdftex.def Info: ../latex/PJATK_pl_sygnet.pdf  used on input line 516.
(pdftex.def)             Requested size: 284.52756pt x 285.7938pt.
 [16]
ignored error: Infinite glue shrinkage found in box being split
File: ../latex/PJATK_pl_sygnet.pdf Graphic file (type pdf)
<use ../latex/PJATK_pl_sygnet.pdf>
Package pdftex.def Info: ../latex/PJATK_pl_sygnet.pdf  used on input line 516.
(pdftex.def)             Requested size: 284.52756pt x 285.7938pt.
 [17]
ignored error: Infinite glue shrinkage found in box being split
File: ../latex/PJATK_pl_sygnet.pdf Graphic file (type pdf)
<use ../latex/PJATK_pl_sygnet.pdf>
Package pdftex.def Info: ../latex/PJATK_pl_sygnet.pdf  used on input line 516.
(pdftex.def)             Requested size: 284.52756pt x 285.7938pt.
 [18]
ignored error: Infinite glue shrinkage found in box being split
File: ../latex/PJATK_pl_sygnet.pdf Graphic file (type pdf)
<use ../latex/PJATK_pl_sygnet.pdf>
Package pdftex.def Info: ../latex/PJATK_pl_sygnet.pdf  used on input line 516.
(pdftex.def)             Requested size: 284.52756pt x 285.7938pt.
 [19]
Overfull \hbox (2.4758pt too wide) in alignment at lines 521--525
 [] [] [] [] 
 []


Overfull \hbox (2.4758pt too wide) in alignment at lines 525--529
 [] [] [] [] 
 []


Underfull \hbox (badness 10000) in paragraph at lines 547--547
[]|\T1/phv/m/n/8 (+20) P6S_KK,
 []


Overfull \hbox (2.4758pt too wide) in alignment at lines 529--578
 [] [] [] [] 
 []

ignored error: Infinite glue shrinkage found in box being split
File: ../latex/PJATK_pl_sygnet.pdf Graphic file (type pdf)
<use ../latex/PJATK_pl_sygnet.pdf>
Package pdftex.def Info: ../latex/PJATK_pl_sygnet.pdf  used on input line 578.
(pdftex.def)             Requested size: 284.52756pt x 285.7938pt.
 [20]
ignored error: Infinite glue shrinkage found in box being split
File: ../latex/PJATK_pl_sygnet.pdf Graphic file (type pdf)
<use ../latex/PJATK_pl_sygnet.pdf>
Package pdftex.def Info: ../latex/PJATK_pl_sygnet.pdf  used on input line 578.
(pdftex.def)             Requested size: 284.52756pt x 285.7938pt.
 [21]
ignored error: Infinite glue shrinkage found in box being split
File: ../latex/PJATK_pl_sygnet.pdf Graphic file (type pdf)
<use ../latex/PJATK_pl_sygnet.pdf>
Package pdftex.def Info: ../latex/PJATK_pl_sygnet.pdf  used on input line 578.
(pdftex.def)             Requested size: 284.52756pt x 285.7938pt.
 [22]
File: ../latex/PJATK_pl_sygnet.pdf Graphic file (type pdf)
<use ../latex/PJATK_pl_sygnet.pdf>
Package pdftex.def Info: ../latex/PJATK_pl_sygnet.pdf  used on input line 582.
(pdftex.def)             Requested size: 284.52756pt x 285.7938pt.
 [23]

Package hyperref Warning: The anchor of a bookmark and its parent's must not
(hyperref)                be the same. Added a new anchor on input line 592.


Overfull \hbox (5.68694pt too wide) in paragraph at lines 598--598
[]|[]\T1/phv/b/n/10 (-20) Zaliczenie[]| 
 []


Overfull \hbox (0.52913pt too wide) in paragraph at lines 598--599
[]|[]\T1/phv/b/n/10 (-20) ECTS[]| 
 []


Overfull \hbox (5.68694pt too wide) in paragraph at lines 603--603
[]|[]\T1/phv/b/n/10 (-20) Zaliczenie[]| 
 []


Overfull \hbox (0.52913pt too wide) in paragraph at lines 603--604
[]|[]\T1/phv/b/n/10 (-20) ECTS[]| 
 []

LaTeX Font Info:    Font shape `T1/phv/b/n' will be
(Font)              scaled to size 8.0pt on input line 615.

Overfull \hbox (5.68694pt too wide) in paragraph at lines 627--627
[]|[]\T1/phv/b/n/10 (-20) Zaliczenie[]| 
 []


Overfull \hbox (0.52913pt too wide) in paragraph at lines 627--628
[]|[]\T1/phv/b/n/10 (-20) ECTS[]| 
 []


Overfull \hbox (5.68694pt too wide) in paragraph at lines 632--632
[]|[]\T1/phv/b/n/10 (-20) Zaliczenie[]| 
 []


Overfull \hbox (0.52913pt too wide) in paragraph at lines 632--633
[]|[]\T1/phv/b/n/10 (-20) ECTS[]| 
 []

File: ../latex/PJATK_pl_sygnet.pdf Graphic file (type pdf)
<use ../latex/PJATK_pl_sygnet.pdf>
Package pdftex.def Info: ../latex/PJATK_pl_sygnet.pdf  used on input line 648.
(pdftex.def)             Requested size: 284.52756pt x 285.7938pt.
[24]
Overfull \hbox (5.68694pt too wide) in paragraph at lines 656--656
[]|[]\T1/phv/b/n/10 (-20) Zaliczenie[]| 
 []


Overfull \hbox (0.52913pt too wide) in paragraph at lines 656--657
[]|[]\T1/phv/b/n/10 (-20) ECTS[]| 
 []


Overfull \hbox (5.68694pt too wide) in paragraph at lines 661--661
[]|[]\T1/phv/b/n/10 (-20) Zaliczenie[]| 
 []


Overfull \hbox (0.52913pt too wide) in paragraph at lines 661--662
[]|[]\T1/phv/b/n/10 (-20) ECTS[]| 
 []


Overfull \hbox (5.68694pt too wide) in paragraph at lines 685--685
[]|[]\T1/phv/b/n/10 (-20) Zaliczenie[]| 
 []


Overfull \hbox (0.52913pt too wide) in paragraph at lines 685--686
[]|[]\T1/phv/b/n/10 (-20) ECTS[]| 
 []


Overfull \hbox (5.68694pt too wide) in paragraph at lines 690--690
[]|[]\T1/phv/b/n/10 (-20) Zaliczenie[]| 
 []


Overfull \hbox (0.52913pt too wide) in paragraph at lines 690--691
[]|[]\T1/phv/b/n/10 (-20) ECTS[]| 
 []

File: ../latex/PJATK_pl_sygnet.pdf Graphic file (type pdf)
<use ../latex/PJATK_pl_sygnet.pdf>
Package pdftex.def Info: ../latex/PJATK_pl_sygnet.pdf  used on input line 707.
(pdftex.def)             Requested size: 284.52756pt x 285.7938pt.
[25]
Overfull \hbox (5.68694pt too wide) in paragraph at lines 715--715
[]|[]\T1/phv/b/n/10 (-20) Zaliczenie[]| 
 []


Overfull \hbox (0.52913pt too wide) in paragraph at lines 715--716
[]|[]\T1/phv/b/n/10 (-20) ECTS[]| 
 []


Overfull \hbox (5.68694pt too wide) in paragraph at lines 720--720
[]|[]\T1/phv/b/n/10 (-20) Zaliczenie[]| 
 []


Overfull \hbox (0.52913pt too wide) in paragraph at lines 720--721
[]|[]\T1/phv/b/n/10 (-20) ECTS[]| 
 []


Underfull \hbox (badness 10000) in paragraph at lines 728--728
[]|\T1/phv/m/n/8 (+20) Przedmiot obie-ralny hu-ma-ni-
 []


Overfull \hbox (5.68694pt too wide) in paragraph at lines 743--743
[]|[]\T1/phv/b/n/10 (-20) Zaliczenie[]| 
 []


Overfull \hbox (0.52913pt too wide) in paragraph at lines 743--744
[]|[]\T1/phv/b/n/10 (-20) ECTS[]| 
 []


Overfull \hbox (5.68694pt too wide) in paragraph at lines 748--748
[]|[]\T1/phv/b/n/10 (-20) Zaliczenie[]| 
 []


Overfull \hbox (0.52913pt too wide) in paragraph at lines 748--749
[]|[]\T1/phv/b/n/10 (-20) ECTS[]| 
 []

File: ../latex/PJATK_pl_sygnet.pdf Graphic file (type pdf)
<use ../latex/PJATK_pl_sygnet.pdf>
Package pdftex.def Info: ../latex/PJATK_pl_sygnet.pdf  used on input line 761.
(pdftex.def)             Requested size: 284.52756pt x 285.7938pt.
[26

]
Overfull \hbox (5.68694pt too wide) in paragraph at lines 769--769
[]|[]\T1/phv/b/n/10 (-20) Zaliczenie[]| 
 []


Overfull \hbox (0.52913pt too wide) in paragraph at lines 769--770
[]|[]\T1/phv/b/n/10 (-20) ECTS[]| 
 []


Overfull \hbox (5.68694pt too wide) in paragraph at lines 774--774
[]|[]\T1/phv/b/n/10 (-20) Zaliczenie[]| 
 []


Overfull \hbox (0.52913pt too wide) in paragraph at lines 774--775
[]|[]\T1/phv/b/n/10 (-20) ECTS[]| 
 []


Underfull \hbox (badness 10000) in paragraph at lines 781--781
[]|\T1/phv/m/n/8 (+20) Przedmiot obie-ralny hu-ma-ni-
 []

File: ../latex/PJATK_pl_sygnet.pdf Graphic file (type pdf)
<use ../latex/PJATK_pl_sygnet.pdf>
Package pdftex.def Info: ../latex/PJATK_pl_sygnet.pdf  used on input line 801.
(pdftex.def)             Requested size: 284.52756pt x 285.7938pt.
[27

]
LaTeX Font Info:    Font shape `T1/phv/m/it' in size <12> not available
(Font)              Font shape `T1/phv/m/sl' tried instead on input line 818.
LaTeX Font Info:    Font shape `T1/phv/m/sl' will be
(Font)              scaled to size 12.0pt on input line 818.
File: ../latex/PJATK_pl_sygnet.pdf Graphic file (type pdf)
<use ../latex/PJATK_pl_sygnet.pdf>
Package pdftex.def Info: ../latex/PJATK_pl_sygnet.pdf  used on input line 822.
(pdftex.def)             Requested size: 284.52756pt x 285.7938pt.
 [28]

Package hyperref Warning: The anchor of a bookmark and its parent's must not
(hyperref)                be the same. Added a new anchor on input line 829.


Overfull \hbox (6.21959pt too wide) in paragraph at lines 835--836
[]|[]\T1/phv/b/n/10 (-20) ECTS[]| 
 []


Overfull \hbox (6.21959pt too wide) in paragraph at lines 840--841
[]|[]\T1/phv/b/n/10 (-20) ECTS[]| 
 []


Overfull \hbox (6.21959pt too wide) in paragraph at lines 858--859
[]|[]\T1/phv/b/n/10 (-20) ECTS[]| 
 []


Overfull \hbox (6.21959pt too wide) in paragraph at lines 863--864
[]|[]\T1/phv/b/n/10 (-20) ECTS[]| 
 []


Overfull \hbox (6.21959pt too wide) in paragraph at lines 879--880
[]|[]\T1/phv/b/n/10 (-20) ECTS[]| 
 []


Overfull \hbox (6.21959pt too wide) in paragraph at lines 884--885
[]|[]\T1/phv/b/n/10 (-20) ECTS[]| 
 []


Overfull \hbox (6.21959pt too wide) in paragraph at lines 901--902
[]|[]\T1/phv/b/n/10 (-20) ECTS[]| 
 []


Overfull \hbox (6.21959pt too wide) in paragraph at lines 906--907
[]|[]\T1/phv/b/n/10 (-20) ECTS[]| 
 []


Overfull \hbox (6.21959pt too wide) in paragraph at lines 921--922
[]|[]\T1/phv/b/n/10 (-20) ECTS[]| 
 []


Overfull \hbox (6.21959pt too wide) in paragraph at lines 926--927
[]|[]\T1/phv/b/n/10 (-20) ECTS[]| 
 []

File: ../latex/PJATK_pl_sygnet.pdf Graphic file (type pdf)
<use ../latex/PJATK_pl_sygnet.pdf>
Package pdftex.def Info: ../latex/PJATK_pl_sygnet.pdf  used on input line 932.
(pdftex.def)             Requested size: 284.52756pt x 285.7938pt.
[29]
Overfull \hbox (6.21959pt too wide) in paragraph at lines 941--942
[]|[]\T1/phv/b/n/10 (-20) ECTS[]| 
 []


Overfull \hbox (6.21959pt too wide) in paragraph at lines 946--947
[]|[]\T1/phv/b/n/10 (-20) ECTS[]| 
 []


Overfull \hbox (6.21959pt too wide) in paragraph at lines 961--962
[]|[]\T1/phv/b/n/10 (-20) ECTS[]| 
 []


Overfull \hbox (6.21959pt too wide) in paragraph at lines 966--967
[]|[]\T1/phv/b/n/10 (-20) ECTS[]| 
 []


Overfull \hbox (6.21959pt too wide) in paragraph at lines 982--983
[]|[]\T1/phv/b/n/10 (-20) ECTS[]| 
 []


Overfull \hbox (6.21959pt too wide) in paragraph at lines 987--988
[]|[]\T1/phv/b/n/10 (-20) ECTS[]| 
 []

File: ../latex/PJATK_pl_sygnet.pdf Graphic file (type pdf)
<use ../latex/PJATK_pl_sygnet.pdf>
Package pdftex.def Info: ../latex/PJATK_pl_sygnet.pdf  used on input line 999.
(pdftex.def)             Requested size: 284.52756pt x 285.7938pt.
[30]

Package hyperref Warning: The anchor of a bookmark and its parent's must not
(hyperref)                be the same. Added a new anchor on input line 1007.


Overfull \hbox (3.5048pt too wide) in paragraph at lines 1013--1013
[]|[]\T1/phv/b/n/10 (-20) Sem.[]| 
 []


Overfull \hbox (6.21959pt too wide) in paragraph at lines 1013--1014
[]|[]\T1/phv/b/n/10 (-20) ECTS[]| 
 []


Overfull \hbox (3.5048pt too wide) in paragraph at lines 1018--1018
[]|[]\T1/phv/b/n/10 (-20) Sem.[]| 
 []


Overfull \hbox (6.21959pt too wide) in paragraph at lines 1018--1019
[]|[]\T1/phv/b/n/10 (-20) ECTS[]| 
 []


Overfull \hbox (3.5048pt too wide) in paragraph at lines 1035--1035
[]|[]\T1/phv/b/n/10 (-20) Sem.[]| 
 []


Overfull \hbox (6.21959pt too wide) in paragraph at lines 1035--1036
[]|[]\T1/phv/b/n/10 (-20) ECTS[]| 
 []


Overfull \hbox (3.5048pt too wide) in paragraph at lines 1040--1040
[]|[]\T1/phv/b/n/10 (-20) Sem.[]| 
 []


Overfull \hbox (6.21959pt too wide) in paragraph at lines 1040--1041
[]|[]\T1/phv/b/n/10 (-20) ECTS[]| 
 []


Overfull \hbox (3.5048pt too wide) in paragraph at lines 1057--1057
[]|[]\T1/phv/b/n/10 (-20) Sem.[]| 
 []


Overfull \hbox (6.21959pt too wide) in paragraph at lines 1057--1058
[]|[]\T1/phv/b/n/10 (-20) ECTS[]| 
 []


Overfull \hbox (3.5048pt too wide) in paragraph at lines 1062--1062
[]|[]\T1/phv/b/n/10 (-20) Sem.[]| 
 []


Overfull \hbox (6.21959pt too wide) in paragraph at lines 1062--1063
[]|[]\T1/phv/b/n/10 (-20) ECTS[]| 
 []


Overfull \hbox (3.5048pt too wide) in paragraph at lines 1079--1079
[]|[]\T1/phv/b/n/10 (-20) Sem.[]| 
 []


Overfull \hbox (6.21959pt too wide) in paragraph at lines 1079--1080
[]|[]\T1/phv/b/n/10 (-20) ECTS[]| 
 []


Overfull \hbox (3.5048pt too wide) in paragraph at lines 1084--1084
[]|[]\T1/phv/b/n/10 (-20) Sem.[]| 
 []


Overfull \hbox (6.21959pt too wide) in paragraph at lines 1084--1085
[]|[]\T1/phv/b/n/10 (-20) ECTS[]| 
 []

ignored error: Infinite glue shrinkage found in box being split
File: ../latex/PJATK_pl_sygnet.pdf Graphic file (type pdf)
<use ../latex/PJATK_pl_sygnet.pdf>
Package pdftex.def Info: ../latex/PJATK_pl_sygnet.pdf  used on input line 1092.

(pdftex.def)             Requested size: 284.52756pt x 285.7938pt.
 [31]
Overfull \hbox (3.5048pt too wide) in paragraph at lines 1101--1101
[]|[]\T1/phv/b/n/10 (-20) Sem.[]| 
 []


Overfull \hbox (6.21959pt too wide) in paragraph at lines 1101--1102
[]|[]\T1/phv/b/n/10 (-20) ECTS[]| 
 []


Overfull \hbox (3.5048pt too wide) in paragraph at lines 1106--1106
[]|[]\T1/phv/b/n/10 (-20) Sem.[]| 
 []


Overfull \hbox (6.21959pt too wide) in paragraph at lines 1106--1107
[]|[]\T1/phv/b/n/10 (-20) ECTS[]| 
 []

File: ../latex/PJATK_pl_sygnet.pdf Graphic file (type pdf)
<use ../latex/PJATK_pl_sygnet.pdf>
Package pdftex.def Info: ../latex/PJATK_pl_sygnet.pdf  used on input line 1118.

(pdftex.def)             Requested size: 284.52756pt x 285.7938pt.
[32]
(C:\Users\adamu\WebstormProjects\pj-studies\latex-studia\output\program_stacjon
arne.aux)
 ***********
LaTeX2e <2025-11-01>
L3 programming layer <2026-01-19>
 ***********
Package rerunfilecheck Info: File `program_stacjonarne.out' has not changed.
(rerunfilecheck)             Checksum: 26B281FCB1A67D55A446EC00372B5B1D;4959.
 ) 
Here is how much of TeX's memory you used:
 26147 strings out of 467866
 487166 string characters out of 5418319
 1226940 words of memory out of 5000000
 54227 multiletter control sequences out of 15000+600000
 688844 words of font info for 258 fonts, out of 8000000 for 9000
 1141 hyphenation exceptions out of 8191
 84i,12n,94p,1376b,822s stack positions out of 10000i,1000n,20000p,200000b,200000s
<C:/Users/adamu/AppData/Local/Programs/MiKTeX/fonts/type1/urw/helvetic/uhvb8a
.pfb><C:/Users/adamu/AppData/Local/Programs/MiKTeX/fonts/type1/urw/helvetic/uhv
r8a.pfb><C:/Users/adamu/AppData/Local/Programs/MiKTeX/fonts/type1/urw/helvetic/
uhvro8a.pfb>
Output written on C:\Users\adamu\WebstormProjects\pj-studies\latex-studia\outpu
t\program_stacjonarne.pdf (33 pages, 360661 bytes).
PDF statistics:
 362 PDF objects out of 1000 (max. 8388607)
 70 named destinations out of 1000 (max. 500000)
 61711 words of extra memory for PDF output out of 61914 (max. 10000000)

