\BOOKMARK [1][-]{section.1}{\376\377\000C\000h\000a\000r\000a\000k\000t\000e\000r\000y\000s\000t\000y\000k\000a\000\040\000s\000t\000u\000d\000i\000\363\000w}{}% 1
\BOOKMARK [2][-]{subsection.1.1}{\376\377\000C\000e\000l\000\040\000i\000\040\000z\000a\000k\000r\000e\000s\000\040\000k\000s\000z\000t\000a\001\102\000c\000e\000n\000i\000a}{section.1}% 2
\BOOKMARK [2][-]{subsection.1.2}{\376\377\000W\000a\000r\000u\000n\000k\000i\000\040\000p\000r\000z\000y\000j\001\031\000c\000i\000a}{section.1}% 3
\BOOKMARK [2][-]{subsection.1.3}{\376\377\000W\000a\000r\000u\000n\000k\000i\000\040\000u\000k\000o\001\104\000c\000z\000e\000n\000i\000a\000\040\000s\000t\000u\000d\000i\000\363\000w}{section.1}% 4
\BOOKMARK [2][-]{subsection.1.4}{\376\377\000S\000p\000e\000c\000j\000a\000l\000i\000z\000a\000c\000j\000e}{section.1}% 5
\BOOKMARK [1][-]{section.2}{\376\377\000K\000i\000e\000r\000u\000n\000k\000o\000w\000e\000\040\000e\000f\000e\000k\000t\000y\000\040\000u\000c\000z\000e\000n\000i\000a\000\040\000s\000i\001\031}{}% 6
\BOOKMARK [1][-]{section.3}{\376\377\000P\000l\000a\000n\000\040\000s\000t\000u\000d\000i\000\363\000w}{}% 7
\BOOKMARK [2][-]{section*.1}{\376\377\000S\000e\000m\000e\000s\000t\000r\000\040\0001}{section.3}% 8
\BOOKMARK [2][-]{table.5}{\376\377\000S\000e\000m\000e\000s\000t\000r\000\040\0002}{section.3}% 9
\BOOKMARK [2][-]{table.6}{\376\377\000S\000e\000m\000e\000s\000t\000r\000\040\0003}{section.3}% 10
\BOOKMARK [2][-]{table.7}{\376\377\000S\000e\000m\000e\000s\000t\000r\000\040\0004}{section.3}% 11
\BOOKMARK [2][-]{table.8}{\376\377\000S\000e\000m\000e\000s\000t\000r\000\040\0005}{section.3}% 12
\BOOKMARK [2][-]{table.9}{\376\377\000S\000e\000m\000e\000s\000t\000r\000\040\0006}{section.3}% 13
\BOOKMARK [2][-]{table.10}{\376\377\000S\000e\000m\000e\000s\000t\000r\000\040\0007}{section.3}% 14
\BOOKMARK [2][-]{table.11}{\376\377\000S\000e\000m\000e\000s\000t\000r\000\040\0008}{section.3}% 15
\BOOKMARK [2][-]{table.12}{\376\377\000P\000o\000d\000s\000u\000m\000o\000w\000a\000n\000i\000e\000\040\000p\000l\000a\000n\000u\000\040\000s\000t\000u\000d\000i\000\363\000w}{section.3}% 16
\BOOKMARK [1][-]{section.4}{\376\377\000P\000r\000a\000k\000t\000y\000k\000i\000\040\000z\000a\000w\000o\000d\000o\000w\000e}{}% 17
\BOOKMARK [1][-]{section.5}{\376\377\000P\000r\000z\000e\000d\000m\000i\000o\000t\000y\000\040\000o\000b\000i\000e\000r\000a\000l\000n\000e}{}% 18
\BOOKMARK [2][-]{section*.2}{\376\377\000J\001\031\000z\000y\000k\000i\000\040\000p\000r\000o\000g\000r\000a\000m\000o\000w\000a\000n\000i\000a\000\040\0001\000\040\000i\000\040\0002}{section.5}% 19
\BOOKMARK [2][-]{table.13}{\376\377\000S\000y\000s\000t\000e\000m\000y\000\040\000b\000a\000z\000y\000\040\000d\000a\000n\000y\000c\000h\000\040\0001\000\040\000i\000\040\0002}{section.5}% 20
\BOOKMARK [2][-]{table.14}{\376\377\000T\000e\000c\000h\000n\000o\000l\000o\000g\000i\000e\000\040\000A\000p\000l\000i\000k\000a\000c\000j\000i\000\040\000M\000o\000b\000i\000l\000n\000y\000c\000h\000\040\0001\000\040\000i\000\040\0002}{section.5}% 21
\BOOKMARK [2][-]{table.15}{\376\377\000P\000r\000z\000e\000d\000m\000i\000o\000t\000\040\000o\000b\000i\000e\000r\000a\000l\000n\000y\000\040\000h\000u\000m\000a\000n\000i\000s\000t\000y\000c\000z\000n\000y\000/\000s\000p\000o\001\102\000e\000c\000z\000n\000y\000\040\0001}{section.5}% 22
\BOOKMARK [2][-]{table.16}{\376\377\000P\000r\000z\000e\000d\000m\000i\000o\000t\000\040\000O\000b\000i\000e\000r\000a\000l\000n\000y\000\040\0001}{section.5}% 23
\BOOKMARK [2][-]{table.17}{\376\377\000P\000r\000z\000e\000d\000m\000i\000o\000t\000\040\000O\000b\000i\000e\000r\000a\000l\000n\000y\000\040\0002}{section.5}% 24
\BOOKMARK [2][-]{table.18}{\376\377\000P\000r\000z\000e\000d\000m\000i\000o\000t\000\040\000o\000b\000i\000e\000r\000a\000l\000n\000y\000\040\000h\000u\000m\000a\000n\000i\000s\000t\000y\000c\000z\000n\000y\000/\000s\000p\000o\001\102\000e\000c\000z\000n\000y\000\040\0002\000\040\000i\000\040\0003}{section.5}% 25
\BOOKMARK [2][-]{table.19}{\376\377\000L\000e\000k\000t\000o\000r\000a\000t}{section.5}% 26
\BOOKMARK [1][-]{section.6}{\376\377\000S\000p\000e\000c\000j\000a\000l\000i\000z\000a\000c\000j\000e}{}% 27
\BOOKMARK [2][-]{section*.3}{\376\377\000A\000r\000c\000h\000i\000t\000e\000k\000t\000u\000r\000y\000\040\000o\000p\000r\000o\000g\000r\000a\000m\000o\000w\000a\000n\000i\000a\000\040\000i\000\040\000D\000e\000v\000O\000p\000s}{section.6}% 28
\BOOKMARK [2][-]{table.21}{\376\377\000C\000y\000b\000e\000r\000b\000e\000z\000p\000i\000e\000c\000z\000e\001\104\000s\000t\000w\000o}{section.6}% 29
\BOOKMARK [2][-]{table.22}{\376\377\000I\000n\001\174\000y\000n\000i\000e\000r\000i\000a\000\040\000g\000i\000e\000r\000\040\000k\000o\000m\000p\000u\000t\000e\000r\000o\000w\000y\000c\000h}{section.6}% 30
\BOOKMARK [2][-]{table.23}{\376\377\000S\000z\000t\000u\000c\000z\000n\000a\000\040\000i\000n\000t\000e\000l\000i\000g\000e\000n\000c\000j\000a}{section.6}% 31
\BOOKMARK [2][-]{table.24}{\376\377\000I\000n\000t\000e\000r\000n\000e\000t\000\040\000r\000z\000e\000c\000z\000y}{section.6}% 32
